ARM GAS  /var/folders/0z/_3zh0q697778kwks4bv8s9bh0000gn/T//ccQKRooE.s 			page 1


   1              		.syntax unified
   2              		.cpu cortex-m4
   3              		.eabi_attribute 27, 1
   4              		.eabi_attribute 28, 1
   5              		.fpu fpv4-sp-d16
   6              		.eabi_attribute 20, 1
   7              		.eabi_attribute 21, 1
   8              		.eabi_attribute 23, 3
   9              		.eabi_attribute 24, 1
  10              		.eabi_attribute 25, 1
  11              		.eabi_attribute 26, 1
  12              		.eabi_attribute 30, 6
  13              		.eabi_attribute 34, 1
  14              		.eabi_attribute 18, 4
  15              		.thumb
  16              		.file	"stm32f3xx_hal.c"
  17              		.text
  18              	.Ltext0:
  19              		.cfi_sections	.debug_frame
  20              		.comm	uwTick,4,4
  21              		.section	.text.HAL_Init,"ax",%progbits
  22              		.align	2
  23              		.global	HAL_Init
  24              		.thumb
  25              		.thumb_func
  27              	HAL_Init:
  28              	.LFB123:
  29              		.file 1 "Drivers/STM32F3xx_HAL_Driver/Src/stm32f3xx_hal.c"
   1:Drivers/STM32F3xx_HAL_Driver/Src/stm32f3xx_hal.c **** /**
   2:Drivers/STM32F3xx_HAL_Driver/Src/stm32f3xx_hal.c ****   ******************************************************************************
   3:Drivers/STM32F3xx_HAL_Driver/Src/stm32f3xx_hal.c ****   * @file    stm32f3xx_hal.c
   4:Drivers/STM32F3xx_HAL_Driver/Src/stm32f3xx_hal.c ****   * @author  MCD Application Team
   5:Drivers/STM32F3xx_HAL_Driver/Src/stm32f3xx_hal.c ****   * @version V1.3.0
   6:Drivers/STM32F3xx_HAL_Driver/Src/stm32f3xx_hal.c ****   * @date    01-July-2016
   7:Drivers/STM32F3xx_HAL_Driver/Src/stm32f3xx_hal.c ****   * @brief   HAL module driver.
   8:Drivers/STM32F3xx_HAL_Driver/Src/stm32f3xx_hal.c ****   *          This is the common part of the HAL initialization
   9:Drivers/STM32F3xx_HAL_Driver/Src/stm32f3xx_hal.c ****   *
  10:Drivers/STM32F3xx_HAL_Driver/Src/stm32f3xx_hal.c ****   @verbatim
  11:Drivers/STM32F3xx_HAL_Driver/Src/stm32f3xx_hal.c ****   ==============================================================================
  12:Drivers/STM32F3xx_HAL_Driver/Src/stm32f3xx_hal.c ****                      ##### How to use this driver #####
  13:Drivers/STM32F3xx_HAL_Driver/Src/stm32f3xx_hal.c ****   ==============================================================================
  14:Drivers/STM32F3xx_HAL_Driver/Src/stm32f3xx_hal.c ****     [..]
  15:Drivers/STM32F3xx_HAL_Driver/Src/stm32f3xx_hal.c ****     The common HAL driver contains a set of generic and common APIs that can be
  16:Drivers/STM32F3xx_HAL_Driver/Src/stm32f3xx_hal.c ****     used by the PPP peripheral drivers and the user to start using the HAL.
  17:Drivers/STM32F3xx_HAL_Driver/Src/stm32f3xx_hal.c ****     [..]
  18:Drivers/STM32F3xx_HAL_Driver/Src/stm32f3xx_hal.c ****     The HAL contains two APIs categories:
  19:Drivers/STM32F3xx_HAL_Driver/Src/stm32f3xx_hal.c ****          (+) HAL Initialization and de-initialization functions
  20:Drivers/STM32F3xx_HAL_Driver/Src/stm32f3xx_hal.c ****          (+) HAL Control functions
  21:Drivers/STM32F3xx_HAL_Driver/Src/stm32f3xx_hal.c **** 
  22:Drivers/STM32F3xx_HAL_Driver/Src/stm32f3xx_hal.c ****   @endverbatim
  23:Drivers/STM32F3xx_HAL_Driver/Src/stm32f3xx_hal.c ****   ******************************************************************************
  24:Drivers/STM32F3xx_HAL_Driver/Src/stm32f3xx_hal.c ****   * @attention
  25:Drivers/STM32F3xx_HAL_Driver/Src/stm32f3xx_hal.c ****   *
  26:Drivers/STM32F3xx_HAL_Driver/Src/stm32f3xx_hal.c ****   * <h2><center>&copy; COPYRIGHT(c) 2016 STMicroelectronics</center></h2>
  27:Drivers/STM32F3xx_HAL_Driver/Src/stm32f3xx_hal.c ****   *
  28:Drivers/STM32F3xx_HAL_Driver/Src/stm32f3xx_hal.c ****   * Redistribution and use in source and binary forms, with or without modification,
  29:Drivers/STM32F3xx_HAL_Driver/Src/stm32f3xx_hal.c ****   * are permitted provided that the following conditions are met:
ARM GAS  /var/folders/0z/_3zh0q697778kwks4bv8s9bh0000gn/T//ccQKRooE.s 			page 2


  30:Drivers/STM32F3xx_HAL_Driver/Src/stm32f3xx_hal.c ****   *   1. Redistributions of source code must retain the above copyright notice,
  31:Drivers/STM32F3xx_HAL_Driver/Src/stm32f3xx_hal.c ****   *      this list of conditions and the following disclaimer.
  32:Drivers/STM32F3xx_HAL_Driver/Src/stm32f3xx_hal.c ****   *   2. Redistributions in binary form must reproduce the above copyright notice,
  33:Drivers/STM32F3xx_HAL_Driver/Src/stm32f3xx_hal.c ****   *      this list of conditions and the following disclaimer in the documentation
  34:Drivers/STM32F3xx_HAL_Driver/Src/stm32f3xx_hal.c ****   *      and/or other materials provided with the distribution.
  35:Drivers/STM32F3xx_HAL_Driver/Src/stm32f3xx_hal.c ****   *   3. Neither the name of STMicroelectronics nor the names of its contributors
  36:Drivers/STM32F3xx_HAL_Driver/Src/stm32f3xx_hal.c ****   *      may be used to endorse or promote products derived from this software
  37:Drivers/STM32F3xx_HAL_Driver/Src/stm32f3xx_hal.c ****   *      without specific prior written permission.
  38:Drivers/STM32F3xx_HAL_Driver/Src/stm32f3xx_hal.c ****   *
  39:Drivers/STM32F3xx_HAL_Driver/Src/stm32f3xx_hal.c ****   * THIS SOFTWARE IS PROVIDED BY THE COPYRIGHT HOLDERS AND CONTRIBUTORS "AS IS"
  40:Drivers/STM32F3xx_HAL_Driver/Src/stm32f3xx_hal.c ****   * AND ANY EXPRESS OR IMPLIED WARRANTIES, INCLUDING, BUT NOT LIMITED TO, THE
  41:Drivers/STM32F3xx_HAL_Driver/Src/stm32f3xx_hal.c ****   * IMPLIED WARRANTIES OF MERCHANTABILITY AND FITNESS FOR A PARTICULAR PURPOSE ARE
  42:Drivers/STM32F3xx_HAL_Driver/Src/stm32f3xx_hal.c ****   * DISCLAIMED. IN NO EVENT SHALL THE COPYRIGHT HOLDER OR CONTRIBUTORS BE LIABLE
  43:Drivers/STM32F3xx_HAL_Driver/Src/stm32f3xx_hal.c ****   * FOR ANY DIRECT, INDIRECT, INCIDENTAL, SPECIAL, EXEMPLARY, OR CONSEQUENTIAL
  44:Drivers/STM32F3xx_HAL_Driver/Src/stm32f3xx_hal.c ****   * DAMAGES (INCLUDING, BUT NOT LIMITED TO, PROCUREMENT OF SUBSTITUTE GOODS OR
  45:Drivers/STM32F3xx_HAL_Driver/Src/stm32f3xx_hal.c ****   * SERVICES; LOSS OF USE, DATA, OR PROFITS; OR BUSINESS INTERRUPTION) HOWEVER
  46:Drivers/STM32F3xx_HAL_Driver/Src/stm32f3xx_hal.c ****   * CAUSED AND ON ANY THEORY OF LIABILITY, WHETHER IN CONTRACT, STRICT LIABILITY,
  47:Drivers/STM32F3xx_HAL_Driver/Src/stm32f3xx_hal.c ****   * OR TORT (INCLUDING NEGLIGENCE OR OTHERWISE) ARISING IN ANY WAY OUT OF THE USE
  48:Drivers/STM32F3xx_HAL_Driver/Src/stm32f3xx_hal.c ****   * OF THIS SOFTWARE, EVEN IF ADVISED OF THE POSSIBILITY OF SUCH DAMAGE.
  49:Drivers/STM32F3xx_HAL_Driver/Src/stm32f3xx_hal.c ****   *
  50:Drivers/STM32F3xx_HAL_Driver/Src/stm32f3xx_hal.c ****   ******************************************************************************  
  51:Drivers/STM32F3xx_HAL_Driver/Src/stm32f3xx_hal.c ****   */
  52:Drivers/STM32F3xx_HAL_Driver/Src/stm32f3xx_hal.c **** 
  53:Drivers/STM32F3xx_HAL_Driver/Src/stm32f3xx_hal.c **** /* Includes ------------------------------------------------------------------*/
  54:Drivers/STM32F3xx_HAL_Driver/Src/stm32f3xx_hal.c **** #include "stm32f3xx_hal.h"
  55:Drivers/STM32F3xx_HAL_Driver/Src/stm32f3xx_hal.c **** 
  56:Drivers/STM32F3xx_HAL_Driver/Src/stm32f3xx_hal.c **** /** @addtogroup STM32F3xx_HAL_Driver
  57:Drivers/STM32F3xx_HAL_Driver/Src/stm32f3xx_hal.c ****   * @{
  58:Drivers/STM32F3xx_HAL_Driver/Src/stm32f3xx_hal.c ****   */
  59:Drivers/STM32F3xx_HAL_Driver/Src/stm32f3xx_hal.c **** 
  60:Drivers/STM32F3xx_HAL_Driver/Src/stm32f3xx_hal.c **** /** @defgroup HAL HAL
  61:Drivers/STM32F3xx_HAL_Driver/Src/stm32f3xx_hal.c ****   * @brief HAL module driver.
  62:Drivers/STM32F3xx_HAL_Driver/Src/stm32f3xx_hal.c ****   * @{
  63:Drivers/STM32F3xx_HAL_Driver/Src/stm32f3xx_hal.c ****   */
  64:Drivers/STM32F3xx_HAL_Driver/Src/stm32f3xx_hal.c **** 
  65:Drivers/STM32F3xx_HAL_Driver/Src/stm32f3xx_hal.c **** #ifdef HAL_MODULE_ENABLED
  66:Drivers/STM32F3xx_HAL_Driver/Src/stm32f3xx_hal.c **** 
  67:Drivers/STM32F3xx_HAL_Driver/Src/stm32f3xx_hal.c **** /* Private typedef -----------------------------------------------------------*/
  68:Drivers/STM32F3xx_HAL_Driver/Src/stm32f3xx_hal.c **** /* Private define ------------------------------------------------------------*/
  69:Drivers/STM32F3xx_HAL_Driver/Src/stm32f3xx_hal.c **** /** @defgroup HAL_Private Constants
  70:Drivers/STM32F3xx_HAL_Driver/Src/stm32f3xx_hal.c ****   * @{
  71:Drivers/STM32F3xx_HAL_Driver/Src/stm32f3xx_hal.c ****   */
  72:Drivers/STM32F3xx_HAL_Driver/Src/stm32f3xx_hal.c **** /**
  73:Drivers/STM32F3xx_HAL_Driver/Src/stm32f3xx_hal.c ****  * @brief STM32F3xx HAL Driver version number V1.3.0
  74:Drivers/STM32F3xx_HAL_Driver/Src/stm32f3xx_hal.c ****    */
  75:Drivers/STM32F3xx_HAL_Driver/Src/stm32f3xx_hal.c **** #define __STM32F3xx_HAL_VERSION_MAIN   (0x01) /*!< [31:24] main version */
  76:Drivers/STM32F3xx_HAL_Driver/Src/stm32f3xx_hal.c **** #define __STM32F3xx_HAL_VERSION_SUB1   (0x03) /*!< [23:16] sub1 version */
  77:Drivers/STM32F3xx_HAL_Driver/Src/stm32f3xx_hal.c **** #define __STM32F3xx_HAL_VERSION_SUB2   (0x00) /*!< [15:8]  sub2 version */
  78:Drivers/STM32F3xx_HAL_Driver/Src/stm32f3xx_hal.c **** #define __STM32F3xx_HAL_VERSION_RC     (0x00) /*!< [7:0]  release candidate */
  79:Drivers/STM32F3xx_HAL_Driver/Src/stm32f3xx_hal.c **** #define __STM32F3xx_HAL_VERSION         ((__STM32F3xx_HAL_VERSION_MAIN << 24)\
  80:Drivers/STM32F3xx_HAL_Driver/Src/stm32f3xx_hal.c ****                                         |(__STM32F3xx_HAL_VERSION_SUB1 << 16)\
  81:Drivers/STM32F3xx_HAL_Driver/Src/stm32f3xx_hal.c ****                                         |(__STM32F3xx_HAL_VERSION_SUB2 << 8 )\
  82:Drivers/STM32F3xx_HAL_Driver/Src/stm32f3xx_hal.c ****                                         |(__STM32F3xx_HAL_VERSION_RC))
  83:Drivers/STM32F3xx_HAL_Driver/Src/stm32f3xx_hal.c **** 
  84:Drivers/STM32F3xx_HAL_Driver/Src/stm32f3xx_hal.c **** #define IDCODE_DEVID_MASK    ((uint32_t)0x00000FFF)
  85:Drivers/STM32F3xx_HAL_Driver/Src/stm32f3xx_hal.c **** /**
  86:Drivers/STM32F3xx_HAL_Driver/Src/stm32f3xx_hal.c ****   * @}
ARM GAS  /var/folders/0z/_3zh0q697778kwks4bv8s9bh0000gn/T//ccQKRooE.s 			page 3


  87:Drivers/STM32F3xx_HAL_Driver/Src/stm32f3xx_hal.c ****   */
  88:Drivers/STM32F3xx_HAL_Driver/Src/stm32f3xx_hal.c ****   
  89:Drivers/STM32F3xx_HAL_Driver/Src/stm32f3xx_hal.c **** /* Private macro -------------------------------------------------------------*/
  90:Drivers/STM32F3xx_HAL_Driver/Src/stm32f3xx_hal.c **** /* Private variables ---------------------------------------------------------*/
  91:Drivers/STM32F3xx_HAL_Driver/Src/stm32f3xx_hal.c **** /** @defgroup HAL_Private_Variables HAL Private Variables
  92:Drivers/STM32F3xx_HAL_Driver/Src/stm32f3xx_hal.c ****   * @{
  93:Drivers/STM32F3xx_HAL_Driver/Src/stm32f3xx_hal.c ****   */
  94:Drivers/STM32F3xx_HAL_Driver/Src/stm32f3xx_hal.c **** __IO uint32_t uwTick;
  95:Drivers/STM32F3xx_HAL_Driver/Src/stm32f3xx_hal.c **** /**
  96:Drivers/STM32F3xx_HAL_Driver/Src/stm32f3xx_hal.c ****   * @}
  97:Drivers/STM32F3xx_HAL_Driver/Src/stm32f3xx_hal.c ****   */
  98:Drivers/STM32F3xx_HAL_Driver/Src/stm32f3xx_hal.c **** /* Private function prototypes -----------------------------------------------*/
  99:Drivers/STM32F3xx_HAL_Driver/Src/stm32f3xx_hal.c **** /* Exported functions ---------------------------------------------------------*/
 100:Drivers/STM32F3xx_HAL_Driver/Src/stm32f3xx_hal.c **** 
 101:Drivers/STM32F3xx_HAL_Driver/Src/stm32f3xx_hal.c **** /** @defgroup HAL_Exported_Functions HAL Exported Functions
 102:Drivers/STM32F3xx_HAL_Driver/Src/stm32f3xx_hal.c ****   * @{
 103:Drivers/STM32F3xx_HAL_Driver/Src/stm32f3xx_hal.c ****   */
 104:Drivers/STM32F3xx_HAL_Driver/Src/stm32f3xx_hal.c **** 
 105:Drivers/STM32F3xx_HAL_Driver/Src/stm32f3xx_hal.c **** /** @defgroup HAL_Exported_Functions_Group1 Initialization and de-initialization Functions 
 106:Drivers/STM32F3xx_HAL_Driver/Src/stm32f3xx_hal.c ****  *  @brief    Initialization and de-initialization functions
 107:Drivers/STM32F3xx_HAL_Driver/Src/stm32f3xx_hal.c ****  *
 108:Drivers/STM32F3xx_HAL_Driver/Src/stm32f3xx_hal.c **** @verbatim
 109:Drivers/STM32F3xx_HAL_Driver/Src/stm32f3xx_hal.c ****  ===============================================================================
 110:Drivers/STM32F3xx_HAL_Driver/Src/stm32f3xx_hal.c ****               ##### Initialization and de-initialization functions #####
 111:Drivers/STM32F3xx_HAL_Driver/Src/stm32f3xx_hal.c ****  ===============================================================================
 112:Drivers/STM32F3xx_HAL_Driver/Src/stm32f3xx_hal.c ****     [..]  This section provides functions allowing to:
 113:Drivers/STM32F3xx_HAL_Driver/Src/stm32f3xx_hal.c ****       (+) Initializes the Flash interface, the NVIC allocation and initial clock 
 114:Drivers/STM32F3xx_HAL_Driver/Src/stm32f3xx_hal.c ****           configuration. It initializes the source of time base also when timeout 
 115:Drivers/STM32F3xx_HAL_Driver/Src/stm32f3xx_hal.c ****           is needed and the backup domain when enabled.
 116:Drivers/STM32F3xx_HAL_Driver/Src/stm32f3xx_hal.c ****       (+) de-Initializes common part of the HAL.
 117:Drivers/STM32F3xx_HAL_Driver/Src/stm32f3xx_hal.c ****       (+) Configure The time base source to have 1ms time base with a dedicated 
 118:Drivers/STM32F3xx_HAL_Driver/Src/stm32f3xx_hal.c ****           Tick interrupt priority. 
 119:Drivers/STM32F3xx_HAL_Driver/Src/stm32f3xx_hal.c ****         (++) Systick timer is used by default as source of time base, but user 
 120:Drivers/STM32F3xx_HAL_Driver/Src/stm32f3xx_hal.c ****              can eventually implement his proper time base source (a general purpose 
 121:Drivers/STM32F3xx_HAL_Driver/Src/stm32f3xx_hal.c ****              timer for example or other time source), keeping in mind that Time base 
 122:Drivers/STM32F3xx_HAL_Driver/Src/stm32f3xx_hal.c ****              duration should be kept 1ms since PPP_TIMEOUT_VALUEs are defined and 
 123:Drivers/STM32F3xx_HAL_Driver/Src/stm32f3xx_hal.c ****              handled in milliseconds basis.
 124:Drivers/STM32F3xx_HAL_Driver/Src/stm32f3xx_hal.c ****         (++) Time base configuration function (HAL_InitTick ()) is called automatically 
 125:Drivers/STM32F3xx_HAL_Driver/Src/stm32f3xx_hal.c ****              at the beginning of the program after reset by HAL_Init() or at any time 
 126:Drivers/STM32F3xx_HAL_Driver/Src/stm32f3xx_hal.c ****              when clock is configured, by HAL_RCC_ClockConfig(). 
 127:Drivers/STM32F3xx_HAL_Driver/Src/stm32f3xx_hal.c ****         (++) Source of time base is configured  to generate interrupts at regular 
 128:Drivers/STM32F3xx_HAL_Driver/Src/stm32f3xx_hal.c ****              time intervals. Care must be taken if HAL_Delay() is called from a 
 129:Drivers/STM32F3xx_HAL_Driver/Src/stm32f3xx_hal.c ****              peripheral ISR process, the Tick interrupt line must have higher priority 
 130:Drivers/STM32F3xx_HAL_Driver/Src/stm32f3xx_hal.c ****             (numerically lower) than the peripheral interrupt. Otherwise the caller 
 131:Drivers/STM32F3xx_HAL_Driver/Src/stm32f3xx_hal.c ****             ISR process will be blocked. 
 132:Drivers/STM32F3xx_HAL_Driver/Src/stm32f3xx_hal.c ****        (++) functions affecting time base configurations are declared as __Weak  
 133:Drivers/STM32F3xx_HAL_Driver/Src/stm32f3xx_hal.c ****              to make  override possible  in case of other  implementations in user file.
 134:Drivers/STM32F3xx_HAL_Driver/Src/stm32f3xx_hal.c **** 
 135:Drivers/STM32F3xx_HAL_Driver/Src/stm32f3xx_hal.c **** @endverbatim
 136:Drivers/STM32F3xx_HAL_Driver/Src/stm32f3xx_hal.c ****   * @{
 137:Drivers/STM32F3xx_HAL_Driver/Src/stm32f3xx_hal.c ****   */
 138:Drivers/STM32F3xx_HAL_Driver/Src/stm32f3xx_hal.c **** 
 139:Drivers/STM32F3xx_HAL_Driver/Src/stm32f3xx_hal.c **** /**
 140:Drivers/STM32F3xx_HAL_Driver/Src/stm32f3xx_hal.c ****   * @brief  This function configures the Flash prefetch, 
 141:Drivers/STM32F3xx_HAL_Driver/Src/stm32f3xx_hal.c ****   *         Configures time base source, NVIC and Low level hardware
 142:Drivers/STM32F3xx_HAL_Driver/Src/stm32f3xx_hal.c ****   * @note   This function is called at the beginning of program after reset and before 
 143:Drivers/STM32F3xx_HAL_Driver/Src/stm32f3xx_hal.c ****   *         the clock configuration
ARM GAS  /var/folders/0z/_3zh0q697778kwks4bv8s9bh0000gn/T//ccQKRooE.s 			page 4


 144:Drivers/STM32F3xx_HAL_Driver/Src/stm32f3xx_hal.c ****   *             
 145:Drivers/STM32F3xx_HAL_Driver/Src/stm32f3xx_hal.c ****   * @note   The Systick configuration is based on HSI clock, as HSI is the clock
 146:Drivers/STM32F3xx_HAL_Driver/Src/stm32f3xx_hal.c ****   *         used after a system Reset and the NVIC configuration is set to Priority group 4 
 147:Drivers/STM32F3xx_HAL_Driver/Src/stm32f3xx_hal.c ****   *            
 148:Drivers/STM32F3xx_HAL_Driver/Src/stm32f3xx_hal.c ****   * @note   The time base configuration is based on MSI clock when exting from Reset.
 149:Drivers/STM32F3xx_HAL_Driver/Src/stm32f3xx_hal.c ****   *         Once done, time base tick start incrementing.
 150:Drivers/STM32F3xx_HAL_Driver/Src/stm32f3xx_hal.c ****   *         In the default implementation,Systick is used as source of time base.
 151:Drivers/STM32F3xx_HAL_Driver/Src/stm32f3xx_hal.c ****   *       The tick variable is incremented each 1ms in its ISR.
 152:Drivers/STM32F3xx_HAL_Driver/Src/stm32f3xx_hal.c ****   * @retval HAL status
 153:Drivers/STM32F3xx_HAL_Driver/Src/stm32f3xx_hal.c ****   */
 154:Drivers/STM32F3xx_HAL_Driver/Src/stm32f3xx_hal.c **** HAL_StatusTypeDef HAL_Init(void)
 155:Drivers/STM32F3xx_HAL_Driver/Src/stm32f3xx_hal.c **** {
  30              		.loc 1 155 0
  31              		.cfi_startproc
  32              		@ args = 0, pretend = 0, frame = 0
  33              		@ frame_needed = 1, uses_anonymous_args = 0
  34 0000 80B5     		push	{r7, lr}
  35              	.LCFI0:
  36              		.cfi_def_cfa_offset 8
  37              		.cfi_offset 7, -8
  38              		.cfi_offset 14, -4
  39 0002 00AF     		add	r7, sp, #0
  40              	.LCFI1:
  41              		.cfi_def_cfa_register 7
 156:Drivers/STM32F3xx_HAL_Driver/Src/stm32f3xx_hal.c ****   /* Configure Flash prefetch */
 157:Drivers/STM32F3xx_HAL_Driver/Src/stm32f3xx_hal.c **** #if (PREFETCH_ENABLE != 0)
 158:Drivers/STM32F3xx_HAL_Driver/Src/stm32f3xx_hal.c ****   __HAL_FLASH_PREFETCH_BUFFER_ENABLE();
  42              		.loc 1 158 0
  43 0004 084A     		ldr	r2, .L3
  44 0006 084B     		ldr	r3, .L3
  45 0008 1B68     		ldr	r3, [r3]
  46 000a 43F01003 		orr	r3, r3, #16
  47 000e 1360     		str	r3, [r2]
 159:Drivers/STM32F3xx_HAL_Driver/Src/stm32f3xx_hal.c **** #endif /* PREFETCH_ENABLE */
 160:Drivers/STM32F3xx_HAL_Driver/Src/stm32f3xx_hal.c **** 
 161:Drivers/STM32F3xx_HAL_Driver/Src/stm32f3xx_hal.c ****   /* Set Interrupt Group Priority */
 162:Drivers/STM32F3xx_HAL_Driver/Src/stm32f3xx_hal.c ****   HAL_NVIC_SetPriorityGrouping(NVIC_PRIORITYGROUP_4);
  48              		.loc 1 162 0
  49 0010 0320     		movs	r0, #3
  50 0012 FFF7FEFF 		bl	HAL_NVIC_SetPriorityGrouping
 163:Drivers/STM32F3xx_HAL_Driver/Src/stm32f3xx_hal.c **** 
 164:Drivers/STM32F3xx_HAL_Driver/Src/stm32f3xx_hal.c ****   /* Enable systick and configure 1ms tick (default clock after Reset is HSI) */
 165:Drivers/STM32F3xx_HAL_Driver/Src/stm32f3xx_hal.c ****   HAL_InitTick(TICK_INT_PRIORITY);
  51              		.loc 1 165 0
  52 0016 0020     		movs	r0, #0
  53 0018 FFF7FEFF 		bl	HAL_InitTick
 166:Drivers/STM32F3xx_HAL_Driver/Src/stm32f3xx_hal.c **** 
 167:Drivers/STM32F3xx_HAL_Driver/Src/stm32f3xx_hal.c ****   /* Init the low level hardware */
 168:Drivers/STM32F3xx_HAL_Driver/Src/stm32f3xx_hal.c ****   HAL_MspInit();
  54              		.loc 1 168 0
  55 001c FFF7FEFF 		bl	HAL_MspInit
 169:Drivers/STM32F3xx_HAL_Driver/Src/stm32f3xx_hal.c **** 
 170:Drivers/STM32F3xx_HAL_Driver/Src/stm32f3xx_hal.c ****   /* Return function status */
 171:Drivers/STM32F3xx_HAL_Driver/Src/stm32f3xx_hal.c ****   return HAL_OK;
  56              		.loc 1 171 0
  57 0020 0023     		movs	r3, #0
 172:Drivers/STM32F3xx_HAL_Driver/Src/stm32f3xx_hal.c **** }
ARM GAS  /var/folders/0z/_3zh0q697778kwks4bv8s9bh0000gn/T//ccQKRooE.s 			page 5


  58              		.loc 1 172 0
  59 0022 1846     		mov	r0, r3
  60 0024 80BD     		pop	{r7, pc}
  61              	.L4:
  62 0026 00BF     		.align	2
  63              	.L3:
  64 0028 00200240 		.word	1073881088
  65              		.cfi_endproc
  66              	.LFE123:
  68              		.section	.text.HAL_DeInit,"ax",%progbits
  69              		.align	2
  70              		.global	HAL_DeInit
  71              		.thumb
  72              		.thumb_func
  74              	HAL_DeInit:
  75              	.LFB124:
 173:Drivers/STM32F3xx_HAL_Driver/Src/stm32f3xx_hal.c **** 
 174:Drivers/STM32F3xx_HAL_Driver/Src/stm32f3xx_hal.c **** /**
 175:Drivers/STM32F3xx_HAL_Driver/Src/stm32f3xx_hal.c ****   * @brief  This function de-Initializes common part of the HAL and stops the source
 176:Drivers/STM32F3xx_HAL_Driver/Src/stm32f3xx_hal.c ****   *         of time base.
 177:Drivers/STM32F3xx_HAL_Driver/Src/stm32f3xx_hal.c ****   * @note This function is optional.
 178:Drivers/STM32F3xx_HAL_Driver/Src/stm32f3xx_hal.c ****   * @retval HAL status
 179:Drivers/STM32F3xx_HAL_Driver/Src/stm32f3xx_hal.c ****   */
 180:Drivers/STM32F3xx_HAL_Driver/Src/stm32f3xx_hal.c **** HAL_StatusTypeDef HAL_DeInit(void)
 181:Drivers/STM32F3xx_HAL_Driver/Src/stm32f3xx_hal.c **** {
  76              		.loc 1 181 0
  77              		.cfi_startproc
  78              		@ args = 0, pretend = 0, frame = 0
  79              		@ frame_needed = 1, uses_anonymous_args = 0
  80 0000 80B5     		push	{r7, lr}
  81              	.LCFI2:
  82              		.cfi_def_cfa_offset 8
  83              		.cfi_offset 7, -8
  84              		.cfi_offset 14, -4
  85 0002 00AF     		add	r7, sp, #0
  86              	.LCFI3:
  87              		.cfi_def_cfa_register 7
 182:Drivers/STM32F3xx_HAL_Driver/Src/stm32f3xx_hal.c ****   /* Reset of all peripherals */
 183:Drivers/STM32F3xx_HAL_Driver/Src/stm32f3xx_hal.c ****   __HAL_RCC_APB1_FORCE_RESET();
  88              		.loc 1 183 0
  89 0004 0C4B     		ldr	r3, .L7
  90 0006 4FF0FF32 		mov	r2, #-1
  91 000a 1A61     		str	r2, [r3, #16]
 184:Drivers/STM32F3xx_HAL_Driver/Src/stm32f3xx_hal.c ****   __HAL_RCC_APB1_RELEASE_RESET();
  92              		.loc 1 184 0
  93 000c 0A4B     		ldr	r3, .L7
  94 000e 0022     		movs	r2, #0
  95 0010 1A61     		str	r2, [r3, #16]
 185:Drivers/STM32F3xx_HAL_Driver/Src/stm32f3xx_hal.c **** 
 186:Drivers/STM32F3xx_HAL_Driver/Src/stm32f3xx_hal.c ****   __HAL_RCC_APB2_FORCE_RESET();
  96              		.loc 1 186 0
  97 0012 094B     		ldr	r3, .L7
  98 0014 4FF0FF32 		mov	r2, #-1
  99 0018 DA60     		str	r2, [r3, #12]
 187:Drivers/STM32F3xx_HAL_Driver/Src/stm32f3xx_hal.c ****   __HAL_RCC_APB2_RELEASE_RESET();
 100              		.loc 1 187 0
 101 001a 074B     		ldr	r3, .L7
ARM GAS  /var/folders/0z/_3zh0q697778kwks4bv8s9bh0000gn/T//ccQKRooE.s 			page 6


 102 001c 0022     		movs	r2, #0
 103 001e DA60     		str	r2, [r3, #12]
 188:Drivers/STM32F3xx_HAL_Driver/Src/stm32f3xx_hal.c **** 
 189:Drivers/STM32F3xx_HAL_Driver/Src/stm32f3xx_hal.c ****   __HAL_RCC_AHB_FORCE_RESET();
 104              		.loc 1 189 0
 105 0020 054B     		ldr	r3, .L7
 106 0022 4FF0FF32 		mov	r2, #-1
 107 0026 9A62     		str	r2, [r3, #40]
 190:Drivers/STM32F3xx_HAL_Driver/Src/stm32f3xx_hal.c ****   __HAL_RCC_AHB_RELEASE_RESET();
 108              		.loc 1 190 0
 109 0028 034B     		ldr	r3, .L7
 110 002a 0022     		movs	r2, #0
 111 002c 9A62     		str	r2, [r3, #40]
 191:Drivers/STM32F3xx_HAL_Driver/Src/stm32f3xx_hal.c **** 
 192:Drivers/STM32F3xx_HAL_Driver/Src/stm32f3xx_hal.c ****   /* De-Init the low level hardware */
 193:Drivers/STM32F3xx_HAL_Driver/Src/stm32f3xx_hal.c ****   HAL_MspDeInit();
 112              		.loc 1 193 0
 113 002e FFF7FEFF 		bl	HAL_MspDeInit
 194:Drivers/STM32F3xx_HAL_Driver/Src/stm32f3xx_hal.c **** 
 195:Drivers/STM32F3xx_HAL_Driver/Src/stm32f3xx_hal.c ****   /* Return function status */
 196:Drivers/STM32F3xx_HAL_Driver/Src/stm32f3xx_hal.c ****   return HAL_OK;
 114              		.loc 1 196 0
 115 0032 0023     		movs	r3, #0
 197:Drivers/STM32F3xx_HAL_Driver/Src/stm32f3xx_hal.c **** }
 116              		.loc 1 197 0
 117 0034 1846     		mov	r0, r3
 118 0036 80BD     		pop	{r7, pc}
 119              	.L8:
 120              		.align	2
 121              	.L7:
 122 0038 00100240 		.word	1073876992
 123              		.cfi_endproc
 124              	.LFE124:
 126              		.section	.text.HAL_MspInit,"ax",%progbits
 127              		.align	2
 128              		.weak	HAL_MspInit
 129              		.thumb
 130              		.thumb_func
 132              	HAL_MspInit:
 133              	.LFB125:
 198:Drivers/STM32F3xx_HAL_Driver/Src/stm32f3xx_hal.c **** 
 199:Drivers/STM32F3xx_HAL_Driver/Src/stm32f3xx_hal.c **** /**
 200:Drivers/STM32F3xx_HAL_Driver/Src/stm32f3xx_hal.c ****   * @brief  Initializes the MSP.
 201:Drivers/STM32F3xx_HAL_Driver/Src/stm32f3xx_hal.c ****   * @retval None
 202:Drivers/STM32F3xx_HAL_Driver/Src/stm32f3xx_hal.c ****   */
 203:Drivers/STM32F3xx_HAL_Driver/Src/stm32f3xx_hal.c **** __weak void HAL_MspInit(void)
 204:Drivers/STM32F3xx_HAL_Driver/Src/stm32f3xx_hal.c **** {
 134              		.loc 1 204 0
 135              		.cfi_startproc
 136              		@ args = 0, pretend = 0, frame = 0
 137              		@ frame_needed = 1, uses_anonymous_args = 0
 138              		@ link register save eliminated.
 139 0000 80B4     		push	{r7}
 140              	.LCFI4:
 141              		.cfi_def_cfa_offset 4
 142              		.cfi_offset 7, -4
 143 0002 00AF     		add	r7, sp, #0
ARM GAS  /var/folders/0z/_3zh0q697778kwks4bv8s9bh0000gn/T//ccQKRooE.s 			page 7


 144              	.LCFI5:
 145              		.cfi_def_cfa_register 7
 205:Drivers/STM32F3xx_HAL_Driver/Src/stm32f3xx_hal.c ****   /* NOTE : This function Should not be modified, when the callback is needed,
 206:Drivers/STM32F3xx_HAL_Driver/Src/stm32f3xx_hal.c ****             the HAL_MspInit could be implemented in the user file
 207:Drivers/STM32F3xx_HAL_Driver/Src/stm32f3xx_hal.c ****    */
 208:Drivers/STM32F3xx_HAL_Driver/Src/stm32f3xx_hal.c **** }
 146              		.loc 1 208 0
 147 0004 BD46     		mov	sp, r7
 148              	.LCFI6:
 149              		.cfi_def_cfa_register 13
 150              		@ sp needed
 151 0006 5DF8047B 		ldr	r7, [sp], #4
 152              	.LCFI7:
 153              		.cfi_restore 7
 154              		.cfi_def_cfa_offset 0
 155 000a 7047     		bx	lr
 156              		.cfi_endproc
 157              	.LFE125:
 159              		.section	.text.HAL_MspDeInit,"ax",%progbits
 160              		.align	2
 161              		.weak	HAL_MspDeInit
 162              		.thumb
 163              		.thumb_func
 165              	HAL_MspDeInit:
 166              	.LFB126:
 209:Drivers/STM32F3xx_HAL_Driver/Src/stm32f3xx_hal.c **** 
 210:Drivers/STM32F3xx_HAL_Driver/Src/stm32f3xx_hal.c **** /**
 211:Drivers/STM32F3xx_HAL_Driver/Src/stm32f3xx_hal.c ****   * @brief  DeInitializes the MSP.
 212:Drivers/STM32F3xx_HAL_Driver/Src/stm32f3xx_hal.c ****   * @retval None
 213:Drivers/STM32F3xx_HAL_Driver/Src/stm32f3xx_hal.c ****   */
 214:Drivers/STM32F3xx_HAL_Driver/Src/stm32f3xx_hal.c **** __weak void HAL_MspDeInit(void)
 215:Drivers/STM32F3xx_HAL_Driver/Src/stm32f3xx_hal.c **** {
 167              		.loc 1 215 0
 168              		.cfi_startproc
 169              		@ args = 0, pretend = 0, frame = 0
 170              		@ frame_needed = 1, uses_anonymous_args = 0
 171              		@ link register save eliminated.
 172 0000 80B4     		push	{r7}
 173              	.LCFI8:
 174              		.cfi_def_cfa_offset 4
 175              		.cfi_offset 7, -4
 176 0002 00AF     		add	r7, sp, #0
 177              	.LCFI9:
 178              		.cfi_def_cfa_register 7
 216:Drivers/STM32F3xx_HAL_Driver/Src/stm32f3xx_hal.c ****   /* NOTE : This function Should not be modified, when the callback is needed,
 217:Drivers/STM32F3xx_HAL_Driver/Src/stm32f3xx_hal.c ****             the HAL_MspDeInit could be implemented in the user file
 218:Drivers/STM32F3xx_HAL_Driver/Src/stm32f3xx_hal.c ****    */
 219:Drivers/STM32F3xx_HAL_Driver/Src/stm32f3xx_hal.c **** }
 179              		.loc 1 219 0
 180 0004 BD46     		mov	sp, r7
 181              	.LCFI10:
 182              		.cfi_def_cfa_register 13
 183              		@ sp needed
 184 0006 5DF8047B 		ldr	r7, [sp], #4
 185              	.LCFI11:
 186              		.cfi_restore 7
 187              		.cfi_def_cfa_offset 0
ARM GAS  /var/folders/0z/_3zh0q697778kwks4bv8s9bh0000gn/T//ccQKRooE.s 			page 8


 188 000a 7047     		bx	lr
 189              		.cfi_endproc
 190              	.LFE126:
 192              		.section	.text.HAL_InitTick,"ax",%progbits
 193              		.align	2
 194              		.weak	HAL_InitTick
 195              		.thumb
 196              		.thumb_func
 198              	HAL_InitTick:
 199              	.LFB127:
 220:Drivers/STM32F3xx_HAL_Driver/Src/stm32f3xx_hal.c **** 
 221:Drivers/STM32F3xx_HAL_Driver/Src/stm32f3xx_hal.c **** /**
 222:Drivers/STM32F3xx_HAL_Driver/Src/stm32f3xx_hal.c ****   * @brief  This function configures the source of the time base. 
 223:Drivers/STM32F3xx_HAL_Driver/Src/stm32f3xx_hal.c ****   *         The time source is configured  to have 1ms time base with a dedicated 
 224:Drivers/STM32F3xx_HAL_Driver/Src/stm32f3xx_hal.c ****   *         Tick interrupt priority. 
 225:Drivers/STM32F3xx_HAL_Driver/Src/stm32f3xx_hal.c ****   * @note   This function is called  automatically at the beginning of program after
 226:Drivers/STM32F3xx_HAL_Driver/Src/stm32f3xx_hal.c ****   *         reset by HAL_Init() or at any time when clock is reconfigured  by HAL_RCC_ClockConfig()
 227:Drivers/STM32F3xx_HAL_Driver/Src/stm32f3xx_hal.c ****   * @note   In the default implementation , SysTick timer is the source of time base. 
 228:Drivers/STM32F3xx_HAL_Driver/Src/stm32f3xx_hal.c ****   *         It is used to generate interrupts at regular time intervals. 
 229:Drivers/STM32F3xx_HAL_Driver/Src/stm32f3xx_hal.c ****   *         Care must be taken if HAL_Delay() is called from a peripheral ISR process, 
 230:Drivers/STM32F3xx_HAL_Driver/Src/stm32f3xx_hal.c ****   *         The the SysTick interrupt must have higher priority (numerically lower) 
 231:Drivers/STM32F3xx_HAL_Driver/Src/stm32f3xx_hal.c ****   *         than the peripheral interrupt. Otherwise the caller ISR process will be blocked.
 232:Drivers/STM32F3xx_HAL_Driver/Src/stm32f3xx_hal.c ****   *         The function is declared as __Weak  to be overwritten  in case of other
 233:Drivers/STM32F3xx_HAL_Driver/Src/stm32f3xx_hal.c ****   *         implementation  in user file.
 234:Drivers/STM32F3xx_HAL_Driver/Src/stm32f3xx_hal.c ****   * @param TickPriority: Tick interrupt priority.
 235:Drivers/STM32F3xx_HAL_Driver/Src/stm32f3xx_hal.c ****   * @retval HAL status
 236:Drivers/STM32F3xx_HAL_Driver/Src/stm32f3xx_hal.c ****   */
 237:Drivers/STM32F3xx_HAL_Driver/Src/stm32f3xx_hal.c **** __weak HAL_StatusTypeDef HAL_InitTick(uint32_t TickPriority)
 238:Drivers/STM32F3xx_HAL_Driver/Src/stm32f3xx_hal.c **** {
 200              		.loc 1 238 0
 201              		.cfi_startproc
 202              		@ args = 0, pretend = 0, frame = 8
 203              		@ frame_needed = 1, uses_anonymous_args = 0
 204 0000 80B5     		push	{r7, lr}
 205              	.LCFI12:
 206              		.cfi_def_cfa_offset 8
 207              		.cfi_offset 7, -8
 208              		.cfi_offset 14, -4
 209 0002 82B0     		sub	sp, sp, #8
 210              	.LCFI13:
 211              		.cfi_def_cfa_offset 16
 212 0004 00AF     		add	r7, sp, #0
 213              	.LCFI14:
 214              		.cfi_def_cfa_register 7
 215 0006 7860     		str	r0, [r7, #4]
 239:Drivers/STM32F3xx_HAL_Driver/Src/stm32f3xx_hal.c ****   /*Configure the SysTick to have interrupt in 1ms time basis*/
 240:Drivers/STM32F3xx_HAL_Driver/Src/stm32f3xx_hal.c ****   HAL_SYSTICK_Config(SystemCoreClock / 1000);
 216              		.loc 1 240 0
 217 0008 094B     		ldr	r3, .L13
 218 000a 1B68     		ldr	r3, [r3]
 219 000c 094A     		ldr	r2, .L13+4
 220 000e A2FB0323 		umull	r2, r3, r2, r3
 221 0012 9B09     		lsrs	r3, r3, #6
 222 0014 1846     		mov	r0, r3
 223 0016 FFF7FEFF 		bl	HAL_SYSTICK_Config
 241:Drivers/STM32F3xx_HAL_Driver/Src/stm32f3xx_hal.c ****  
 242:Drivers/STM32F3xx_HAL_Driver/Src/stm32f3xx_hal.c ****   /*Configure the SysTick IRQ priority */
ARM GAS  /var/folders/0z/_3zh0q697778kwks4bv8s9bh0000gn/T//ccQKRooE.s 			page 9


 243:Drivers/STM32F3xx_HAL_Driver/Src/stm32f3xx_hal.c ****   HAL_NVIC_SetPriority(SysTick_IRQn, TickPriority ,0);
 224              		.loc 1 243 0
 225 001a 4FF0FF30 		mov	r0, #-1
 226 001e 7968     		ldr	r1, [r7, #4]
 227 0020 0022     		movs	r2, #0
 228 0022 FFF7FEFF 		bl	HAL_NVIC_SetPriority
 244:Drivers/STM32F3xx_HAL_Driver/Src/stm32f3xx_hal.c **** 
 245:Drivers/STM32F3xx_HAL_Driver/Src/stm32f3xx_hal.c ****    /* Return function status */
 246:Drivers/STM32F3xx_HAL_Driver/Src/stm32f3xx_hal.c ****   return HAL_OK;
 229              		.loc 1 246 0
 230 0026 0023     		movs	r3, #0
 247:Drivers/STM32F3xx_HAL_Driver/Src/stm32f3xx_hal.c **** }
 231              		.loc 1 247 0
 232 0028 1846     		mov	r0, r3
 233 002a 0837     		adds	r7, r7, #8
 234              	.LCFI15:
 235              		.cfi_def_cfa_offset 8
 236 002c BD46     		mov	sp, r7
 237              	.LCFI16:
 238              		.cfi_def_cfa_register 13
 239              		@ sp needed
 240 002e 80BD     		pop	{r7, pc}
 241              	.L14:
 242              		.align	2
 243              	.L13:
 244 0030 00000000 		.word	SystemCoreClock
 245 0034 D34D6210 		.word	274877907
 246              		.cfi_endproc
 247              	.LFE127:
 249              		.section	.text.HAL_IncTick,"ax",%progbits
 250              		.align	2
 251              		.weak	HAL_IncTick
 252              		.thumb
 253              		.thumb_func
 255              	HAL_IncTick:
 256              	.LFB128:
 248:Drivers/STM32F3xx_HAL_Driver/Src/stm32f3xx_hal.c **** 
 249:Drivers/STM32F3xx_HAL_Driver/Src/stm32f3xx_hal.c **** /**
 250:Drivers/STM32F3xx_HAL_Driver/Src/stm32f3xx_hal.c ****   * @}
 251:Drivers/STM32F3xx_HAL_Driver/Src/stm32f3xx_hal.c ****   */
 252:Drivers/STM32F3xx_HAL_Driver/Src/stm32f3xx_hal.c **** 
 253:Drivers/STM32F3xx_HAL_Driver/Src/stm32f3xx_hal.c **** /** @defgroup HAL_Exported_Functions_Group2 HAL Control functions 
 254:Drivers/STM32F3xx_HAL_Driver/Src/stm32f3xx_hal.c ****  *  @brief    HAL Control functions
 255:Drivers/STM32F3xx_HAL_Driver/Src/stm32f3xx_hal.c ****  *
 256:Drivers/STM32F3xx_HAL_Driver/Src/stm32f3xx_hal.c **** @verbatim
 257:Drivers/STM32F3xx_HAL_Driver/Src/stm32f3xx_hal.c ****  ===============================================================================
 258:Drivers/STM32F3xx_HAL_Driver/Src/stm32f3xx_hal.c ****                       ##### HAL Control functions #####
 259:Drivers/STM32F3xx_HAL_Driver/Src/stm32f3xx_hal.c ****  ===============================================================================
 260:Drivers/STM32F3xx_HAL_Driver/Src/stm32f3xx_hal.c ****     [..]  This section provides functions allowing to:
 261:Drivers/STM32F3xx_HAL_Driver/Src/stm32f3xx_hal.c ****       (+) Provide a tick value in millisecond
 262:Drivers/STM32F3xx_HAL_Driver/Src/stm32f3xx_hal.c ****       (+) Provide a blocking delay in millisecond
 263:Drivers/STM32F3xx_HAL_Driver/Src/stm32f3xx_hal.c ****       (+) Suspend the time base source interrupt
 264:Drivers/STM32F3xx_HAL_Driver/Src/stm32f3xx_hal.c ****       (+) Resume the time base source interrupt
 265:Drivers/STM32F3xx_HAL_Driver/Src/stm32f3xx_hal.c ****       (+) Get the HAL API driver version
 266:Drivers/STM32F3xx_HAL_Driver/Src/stm32f3xx_hal.c ****       (+) Get the device identifier
 267:Drivers/STM32F3xx_HAL_Driver/Src/stm32f3xx_hal.c ****       (+) Get the device revision identifier
 268:Drivers/STM32F3xx_HAL_Driver/Src/stm32f3xx_hal.c ****       (+) Enable/Disable Debug module during Sleep mode
ARM GAS  /var/folders/0z/_3zh0q697778kwks4bv8s9bh0000gn/T//ccQKRooE.s 			page 10


 269:Drivers/STM32F3xx_HAL_Driver/Src/stm32f3xx_hal.c ****       (+) Enable/Disable Debug module during STOP mode
 270:Drivers/STM32F3xx_HAL_Driver/Src/stm32f3xx_hal.c ****       (+) Enable/Disable Debug module during STANDBY mode
 271:Drivers/STM32F3xx_HAL_Driver/Src/stm32f3xx_hal.c ****       
 272:Drivers/STM32F3xx_HAL_Driver/Src/stm32f3xx_hal.c **** @endverbatim
 273:Drivers/STM32F3xx_HAL_Driver/Src/stm32f3xx_hal.c ****   * @{
 274:Drivers/STM32F3xx_HAL_Driver/Src/stm32f3xx_hal.c ****   */
 275:Drivers/STM32F3xx_HAL_Driver/Src/stm32f3xx_hal.c **** 
 276:Drivers/STM32F3xx_HAL_Driver/Src/stm32f3xx_hal.c **** /**
 277:Drivers/STM32F3xx_HAL_Driver/Src/stm32f3xx_hal.c ****   * @brief  This function is called to increment  a global variable "uwTick"
 278:Drivers/STM32F3xx_HAL_Driver/Src/stm32f3xx_hal.c ****   *         used as application time base.
 279:Drivers/STM32F3xx_HAL_Driver/Src/stm32f3xx_hal.c ****   * @note In the default implementation, this variable is incremented each 1ms
 280:Drivers/STM32F3xx_HAL_Driver/Src/stm32f3xx_hal.c ****   *         in Systick ISR.
 281:Drivers/STM32F3xx_HAL_Driver/Src/stm32f3xx_hal.c ****   * @note This function is declared as __weak to be overwritten in case of other 
 282:Drivers/STM32F3xx_HAL_Driver/Src/stm32f3xx_hal.c ****   *         implementations  in user file.
 283:Drivers/STM32F3xx_HAL_Driver/Src/stm32f3xx_hal.c ****   * @retval None
 284:Drivers/STM32F3xx_HAL_Driver/Src/stm32f3xx_hal.c ****   */
 285:Drivers/STM32F3xx_HAL_Driver/Src/stm32f3xx_hal.c **** __weak void HAL_IncTick(void)
 286:Drivers/STM32F3xx_HAL_Driver/Src/stm32f3xx_hal.c **** {
 257              		.loc 1 286 0
 258              		.cfi_startproc
 259              		@ args = 0, pretend = 0, frame = 0
 260              		@ frame_needed = 1, uses_anonymous_args = 0
 261              		@ link register save eliminated.
 262 0000 80B4     		push	{r7}
 263              	.LCFI17:
 264              		.cfi_def_cfa_offset 4
 265              		.cfi_offset 7, -4
 266 0002 00AF     		add	r7, sp, #0
 267              	.LCFI18:
 268              		.cfi_def_cfa_register 7
 287:Drivers/STM32F3xx_HAL_Driver/Src/stm32f3xx_hal.c ****   uwTick++;
 269              		.loc 1 287 0
 270 0004 044B     		ldr	r3, .L16
 271 0006 1B68     		ldr	r3, [r3]
 272 0008 0133     		adds	r3, r3, #1
 273 000a 034A     		ldr	r2, .L16
 274 000c 1360     		str	r3, [r2]
 288:Drivers/STM32F3xx_HAL_Driver/Src/stm32f3xx_hal.c **** }
 275              		.loc 1 288 0
 276 000e BD46     		mov	sp, r7
 277              	.LCFI19:
 278              		.cfi_def_cfa_register 13
 279              		@ sp needed
 280 0010 5DF8047B 		ldr	r7, [sp], #4
 281              	.LCFI20:
 282              		.cfi_restore 7
 283              		.cfi_def_cfa_offset 0
 284 0014 7047     		bx	lr
 285              	.L17:
 286 0016 00BF     		.align	2
 287              	.L16:
 288 0018 00000000 		.word	uwTick
 289              		.cfi_endproc
 290              	.LFE128:
 292              		.section	.text.HAL_GetTick,"ax",%progbits
 293              		.align	2
 294              		.weak	HAL_GetTick
ARM GAS  /var/folders/0z/_3zh0q697778kwks4bv8s9bh0000gn/T//ccQKRooE.s 			page 11


 295              		.thumb
 296              		.thumb_func
 298              	HAL_GetTick:
 299              	.LFB129:
 289:Drivers/STM32F3xx_HAL_Driver/Src/stm32f3xx_hal.c **** 
 290:Drivers/STM32F3xx_HAL_Driver/Src/stm32f3xx_hal.c **** /**
 291:Drivers/STM32F3xx_HAL_Driver/Src/stm32f3xx_hal.c ****   * @brief  Povides a tick value in millisecond.
 292:Drivers/STM32F3xx_HAL_Driver/Src/stm32f3xx_hal.c ****   * @note   The function is declared as __Weak  to be overwritten  in case of other 
 293:Drivers/STM32F3xx_HAL_Driver/Src/stm32f3xx_hal.c ****   *         implementations  in user file.
 294:Drivers/STM32F3xx_HAL_Driver/Src/stm32f3xx_hal.c ****   * @retval tick value
 295:Drivers/STM32F3xx_HAL_Driver/Src/stm32f3xx_hal.c ****   */
 296:Drivers/STM32F3xx_HAL_Driver/Src/stm32f3xx_hal.c **** __weak uint32_t HAL_GetTick(void)
 297:Drivers/STM32F3xx_HAL_Driver/Src/stm32f3xx_hal.c **** {
 300              		.loc 1 297 0
 301              		.cfi_startproc
 302              		@ args = 0, pretend = 0, frame = 0
 303              		@ frame_needed = 1, uses_anonymous_args = 0
 304              		@ link register save eliminated.
 305 0000 80B4     		push	{r7}
 306              	.LCFI21:
 307              		.cfi_def_cfa_offset 4
 308              		.cfi_offset 7, -4
 309 0002 00AF     		add	r7, sp, #0
 310              	.LCFI22:
 311              		.cfi_def_cfa_register 7
 298:Drivers/STM32F3xx_HAL_Driver/Src/stm32f3xx_hal.c ****   return uwTick;  
 312              		.loc 1 298 0
 313 0004 034B     		ldr	r3, .L20
 314 0006 1B68     		ldr	r3, [r3]
 299:Drivers/STM32F3xx_HAL_Driver/Src/stm32f3xx_hal.c **** }
 315              		.loc 1 299 0
 316 0008 1846     		mov	r0, r3
 317 000a BD46     		mov	sp, r7
 318              	.LCFI23:
 319              		.cfi_def_cfa_register 13
 320              		@ sp needed
 321 000c 5DF8047B 		ldr	r7, [sp], #4
 322              	.LCFI24:
 323              		.cfi_restore 7
 324              		.cfi_def_cfa_offset 0
 325 0010 7047     		bx	lr
 326              	.L21:
 327 0012 00BF     		.align	2
 328              	.L20:
 329 0014 00000000 		.word	uwTick
 330              		.cfi_endproc
 331              	.LFE129:
 333              		.section	.text.HAL_Delay,"ax",%progbits
 334              		.align	2
 335              		.weak	HAL_Delay
 336              		.thumb
 337              		.thumb_func
 339              	HAL_Delay:
 340              	.LFB130:
 300:Drivers/STM32F3xx_HAL_Driver/Src/stm32f3xx_hal.c **** 
 301:Drivers/STM32F3xx_HAL_Driver/Src/stm32f3xx_hal.c **** /**
 302:Drivers/STM32F3xx_HAL_Driver/Src/stm32f3xx_hal.c ****   * @brief  This function provides accurate delay (in milliseconds) based 
ARM GAS  /var/folders/0z/_3zh0q697778kwks4bv8s9bh0000gn/T//ccQKRooE.s 			page 12


 303:Drivers/STM32F3xx_HAL_Driver/Src/stm32f3xx_hal.c ****   *         on variable incremented.
 304:Drivers/STM32F3xx_HAL_Driver/Src/stm32f3xx_hal.c ****   * @note   In the default implementation , SysTick timer is the source of time base. 
 305:Drivers/STM32F3xx_HAL_Driver/Src/stm32f3xx_hal.c ****   *         It is used to generate interrupts at regular time intervals where uwTick
 306:Drivers/STM32F3xx_HAL_Driver/Src/stm32f3xx_hal.c ****   *         is incremented.
 307:Drivers/STM32F3xx_HAL_Driver/Src/stm32f3xx_hal.c ****   *         The function is declared as __Weak  to be overwritten  in case of other
 308:Drivers/STM32F3xx_HAL_Driver/Src/stm32f3xx_hal.c ****   *         implementations  in user file.
 309:Drivers/STM32F3xx_HAL_Driver/Src/stm32f3xx_hal.c ****   * @param  Delay: specifies the delay time length, in milliseconds.
 310:Drivers/STM32F3xx_HAL_Driver/Src/stm32f3xx_hal.c ****   * @retval None
 311:Drivers/STM32F3xx_HAL_Driver/Src/stm32f3xx_hal.c ****   */
 312:Drivers/STM32F3xx_HAL_Driver/Src/stm32f3xx_hal.c **** __weak void HAL_Delay(__IO uint32_t Delay)
 313:Drivers/STM32F3xx_HAL_Driver/Src/stm32f3xx_hal.c **** {
 341              		.loc 1 313 0
 342              		.cfi_startproc
 343              		@ args = 0, pretend = 0, frame = 16
 344              		@ frame_needed = 1, uses_anonymous_args = 0
 345 0000 80B5     		push	{r7, lr}
 346              	.LCFI25:
 347              		.cfi_def_cfa_offset 8
 348              		.cfi_offset 7, -8
 349              		.cfi_offset 14, -4
 350 0002 84B0     		sub	sp, sp, #16
 351              	.LCFI26:
 352              		.cfi_def_cfa_offset 24
 353 0004 00AF     		add	r7, sp, #0
 354              	.LCFI27:
 355              		.cfi_def_cfa_register 7
 356 0006 7860     		str	r0, [r7, #4]
 314:Drivers/STM32F3xx_HAL_Driver/Src/stm32f3xx_hal.c ****   uint32_t tickstart = HAL_GetTick();
 357              		.loc 1 314 0
 358 0008 FFF7FEFF 		bl	HAL_GetTick
 359 000c F860     		str	r0, [r7, #12]
 315:Drivers/STM32F3xx_HAL_Driver/Src/stm32f3xx_hal.c ****   while((HAL_GetTick() - tickstart) < Delay)
 360              		.loc 1 315 0
 361 000e 00BF     		nop
 362              	.L23:
 363              		.loc 1 315 0 is_stmt 0 discriminator 1
 364 0010 FFF7FEFF 		bl	HAL_GetTick
 365 0014 0246     		mov	r2, r0
 366 0016 FB68     		ldr	r3, [r7, #12]
 367 0018 D21A     		subs	r2, r2, r3
 368 001a 7B68     		ldr	r3, [r7, #4]
 369 001c 9A42     		cmp	r2, r3
 370 001e F7D3     		bcc	.L23
 316:Drivers/STM32F3xx_HAL_Driver/Src/stm32f3xx_hal.c ****   {
 317:Drivers/STM32F3xx_HAL_Driver/Src/stm32f3xx_hal.c ****   }
 318:Drivers/STM32F3xx_HAL_Driver/Src/stm32f3xx_hal.c **** }
 371              		.loc 1 318 0 is_stmt 1
 372 0020 1037     		adds	r7, r7, #16
 373              	.LCFI28:
 374              		.cfi_def_cfa_offset 8
 375 0022 BD46     		mov	sp, r7
 376              	.LCFI29:
 377              		.cfi_def_cfa_register 13
 378              		@ sp needed
 379 0024 80BD     		pop	{r7, pc}
 380              		.cfi_endproc
 381              	.LFE130:
ARM GAS  /var/folders/0z/_3zh0q697778kwks4bv8s9bh0000gn/T//ccQKRooE.s 			page 13


 383 0026 00BF     		.section	.text.HAL_SuspendTick,"ax",%progbits
 384              		.align	2
 385              		.weak	HAL_SuspendTick
 386              		.thumb
 387              		.thumb_func
 389              	HAL_SuspendTick:
 390              	.LFB131:
 319:Drivers/STM32F3xx_HAL_Driver/Src/stm32f3xx_hal.c **** 
 320:Drivers/STM32F3xx_HAL_Driver/Src/stm32f3xx_hal.c **** /**
 321:Drivers/STM32F3xx_HAL_Driver/Src/stm32f3xx_hal.c ****   * @brief  Suspend Tick increment.
 322:Drivers/STM32F3xx_HAL_Driver/Src/stm32f3xx_hal.c ****   * @note   In the default implementation , SysTick timer is the source of time base. It is  
 323:Drivers/STM32F3xx_HAL_Driver/Src/stm32f3xx_hal.c ****   *         used to generate interrupts at regular time intervals. Once HAL_SuspendTick()
 324:Drivers/STM32F3xx_HAL_Driver/Src/stm32f3xx_hal.c ****   *         is called, the the SysTick interrupt will be disabled and so Tick increment 
 325:Drivers/STM32F3xx_HAL_Driver/Src/stm32f3xx_hal.c ****   *         is suspended.
 326:Drivers/STM32F3xx_HAL_Driver/Src/stm32f3xx_hal.c ****   * @note This function is declared as __weak to be overwritten in case of other
 327:Drivers/STM32F3xx_HAL_Driver/Src/stm32f3xx_hal.c ****   *         implementations  in user file.
 328:Drivers/STM32F3xx_HAL_Driver/Src/stm32f3xx_hal.c ****   * @retval None
 329:Drivers/STM32F3xx_HAL_Driver/Src/stm32f3xx_hal.c ****   */
 330:Drivers/STM32F3xx_HAL_Driver/Src/stm32f3xx_hal.c **** __weak void HAL_SuspendTick(void)
 331:Drivers/STM32F3xx_HAL_Driver/Src/stm32f3xx_hal.c **** 
 332:Drivers/STM32F3xx_HAL_Driver/Src/stm32f3xx_hal.c **** {
 391              		.loc 1 332 0
 392              		.cfi_startproc
 393              		@ args = 0, pretend = 0, frame = 0
 394              		@ frame_needed = 1, uses_anonymous_args = 0
 395              		@ link register save eliminated.
 396 0000 80B4     		push	{r7}
 397              	.LCFI30:
 398              		.cfi_def_cfa_offset 4
 399              		.cfi_offset 7, -4
 400 0002 00AF     		add	r7, sp, #0
 401              	.LCFI31:
 402              		.cfi_def_cfa_register 7
 333:Drivers/STM32F3xx_HAL_Driver/Src/stm32f3xx_hal.c ****   /* Disable SysTick Interrupt */
 334:Drivers/STM32F3xx_HAL_Driver/Src/stm32f3xx_hal.c ****   SysTick->CTRL &= ~SysTick_CTRL_TICKINT_Msk;
 403              		.loc 1 334 0
 404 0004 044A     		ldr	r2, .L25
 405 0006 044B     		ldr	r3, .L25
 406 0008 1B68     		ldr	r3, [r3]
 407 000a 23F00203 		bic	r3, r3, #2
 408 000e 1360     		str	r3, [r2]
 335:Drivers/STM32F3xx_HAL_Driver/Src/stm32f3xx_hal.c ****                                                    
 336:Drivers/STM32F3xx_HAL_Driver/Src/stm32f3xx_hal.c **** }
 409              		.loc 1 336 0
 410 0010 BD46     		mov	sp, r7
 411              	.LCFI32:
 412              		.cfi_def_cfa_register 13
 413              		@ sp needed
 414 0012 5DF8047B 		ldr	r7, [sp], #4
 415              	.LCFI33:
 416              		.cfi_restore 7
 417              		.cfi_def_cfa_offset 0
 418 0016 7047     		bx	lr
 419              	.L26:
 420              		.align	2
 421              	.L25:
 422 0018 10E000E0 		.word	-536813552
ARM GAS  /var/folders/0z/_3zh0q697778kwks4bv8s9bh0000gn/T//ccQKRooE.s 			page 14


 423              		.cfi_endproc
 424              	.LFE131:
 426              		.section	.text.HAL_ResumeTick,"ax",%progbits
 427              		.align	2
 428              		.weak	HAL_ResumeTick
 429              		.thumb
 430              		.thumb_func
 432              	HAL_ResumeTick:
 433              	.LFB132:
 337:Drivers/STM32F3xx_HAL_Driver/Src/stm32f3xx_hal.c **** 
 338:Drivers/STM32F3xx_HAL_Driver/Src/stm32f3xx_hal.c **** /**
 339:Drivers/STM32F3xx_HAL_Driver/Src/stm32f3xx_hal.c ****   * @brief  Resume Tick increment.
 340:Drivers/STM32F3xx_HAL_Driver/Src/stm32f3xx_hal.c ****   * @note   In the default implementation , SysTick timer is the source of time base. It is  
 341:Drivers/STM32F3xx_HAL_Driver/Src/stm32f3xx_hal.c ****   *         used to generate interrupts at regular time intervals. Once HAL_ResumeTick()
 342:Drivers/STM32F3xx_HAL_Driver/Src/stm32f3xx_hal.c ****   *         is called, the the SysTick interrupt will be enabled and so Tick increment 
 343:Drivers/STM32F3xx_HAL_Driver/Src/stm32f3xx_hal.c ****   *         is resumed.
 344:Drivers/STM32F3xx_HAL_Driver/Src/stm32f3xx_hal.c ****   *         The function is declared as __Weak  to be overwritten  in case of other
 345:Drivers/STM32F3xx_HAL_Driver/Src/stm32f3xx_hal.c ****   *         implementations  in user file.
 346:Drivers/STM32F3xx_HAL_Driver/Src/stm32f3xx_hal.c ****   * @retval None
 347:Drivers/STM32F3xx_HAL_Driver/Src/stm32f3xx_hal.c ****   */
 348:Drivers/STM32F3xx_HAL_Driver/Src/stm32f3xx_hal.c **** __weak void HAL_ResumeTick(void)
 349:Drivers/STM32F3xx_HAL_Driver/Src/stm32f3xx_hal.c **** {
 434              		.loc 1 349 0
 435              		.cfi_startproc
 436              		@ args = 0, pretend = 0, frame = 0
 437              		@ frame_needed = 1, uses_anonymous_args = 0
 438              		@ link register save eliminated.
 439 0000 80B4     		push	{r7}
 440              	.LCFI34:
 441              		.cfi_def_cfa_offset 4
 442              		.cfi_offset 7, -4
 443 0002 00AF     		add	r7, sp, #0
 444              	.LCFI35:
 445              		.cfi_def_cfa_register 7
 350:Drivers/STM32F3xx_HAL_Driver/Src/stm32f3xx_hal.c ****   /* Enable SysTick Interrupt */
 351:Drivers/STM32F3xx_HAL_Driver/Src/stm32f3xx_hal.c ****   SysTick->CTRL  |= SysTick_CTRL_TICKINT_Msk;
 446              		.loc 1 351 0
 447 0004 044A     		ldr	r2, .L28
 448 0006 044B     		ldr	r3, .L28
 449 0008 1B68     		ldr	r3, [r3]
 450 000a 43F00203 		orr	r3, r3, #2
 451 000e 1360     		str	r3, [r2]
 352:Drivers/STM32F3xx_HAL_Driver/Src/stm32f3xx_hal.c ****   
 353:Drivers/STM32F3xx_HAL_Driver/Src/stm32f3xx_hal.c **** }
 452              		.loc 1 353 0
 453 0010 BD46     		mov	sp, r7
 454              	.LCFI36:
 455              		.cfi_def_cfa_register 13
 456              		@ sp needed
 457 0012 5DF8047B 		ldr	r7, [sp], #4
 458              	.LCFI37:
 459              		.cfi_restore 7
 460              		.cfi_def_cfa_offset 0
 461 0016 7047     		bx	lr
 462              	.L29:
 463              		.align	2
 464              	.L28:
ARM GAS  /var/folders/0z/_3zh0q697778kwks4bv8s9bh0000gn/T//ccQKRooE.s 			page 15


 465 0018 10E000E0 		.word	-536813552
 466              		.cfi_endproc
 467              	.LFE132:
 469              		.section	.text.HAL_GetHalVersion,"ax",%progbits
 470              		.align	2
 471              		.global	HAL_GetHalVersion
 472              		.thumb
 473              		.thumb_func
 475              	HAL_GetHalVersion:
 476              	.LFB133:
 354:Drivers/STM32F3xx_HAL_Driver/Src/stm32f3xx_hal.c **** 
 355:Drivers/STM32F3xx_HAL_Driver/Src/stm32f3xx_hal.c **** /**
 356:Drivers/STM32F3xx_HAL_Driver/Src/stm32f3xx_hal.c ****   * @brief  This function returns the HAL revision
 357:Drivers/STM32F3xx_HAL_Driver/Src/stm32f3xx_hal.c ****   * @retval version : 0xXYZR (8bits for each decimal, R for RC)
 358:Drivers/STM32F3xx_HAL_Driver/Src/stm32f3xx_hal.c ****   */
 359:Drivers/STM32F3xx_HAL_Driver/Src/stm32f3xx_hal.c **** uint32_t HAL_GetHalVersion(void)
 360:Drivers/STM32F3xx_HAL_Driver/Src/stm32f3xx_hal.c **** {
 477              		.loc 1 360 0
 478              		.cfi_startproc
 479              		@ args = 0, pretend = 0, frame = 0
 480              		@ frame_needed = 1, uses_anonymous_args = 0
 481              		@ link register save eliminated.
 482 0000 80B4     		push	{r7}
 483              	.LCFI38:
 484              		.cfi_def_cfa_offset 4
 485              		.cfi_offset 7, -4
 486 0002 00AF     		add	r7, sp, #0
 487              	.LCFI39:
 488              		.cfi_def_cfa_register 7
 361:Drivers/STM32F3xx_HAL_Driver/Src/stm32f3xx_hal.c ****  return __STM32F3xx_HAL_VERSION;
 489              		.loc 1 361 0
 490 0004 024B     		ldr	r3, .L32
 362:Drivers/STM32F3xx_HAL_Driver/Src/stm32f3xx_hal.c **** }
 491              		.loc 1 362 0
 492 0006 1846     		mov	r0, r3
 493 0008 BD46     		mov	sp, r7
 494              	.LCFI40:
 495              		.cfi_def_cfa_register 13
 496              		@ sp needed
 497 000a 5DF8047B 		ldr	r7, [sp], #4
 498              	.LCFI41:
 499              		.cfi_restore 7
 500              		.cfi_def_cfa_offset 0
 501 000e 7047     		bx	lr
 502              	.L33:
 503              		.align	2
 504              	.L32:
 505 0010 00000301 		.word	16973824
 506              		.cfi_endproc
 507              	.LFE133:
 509              		.section	.text.HAL_GetREVID,"ax",%progbits
 510              		.align	2
 511              		.global	HAL_GetREVID
 512              		.thumb
 513              		.thumb_func
 515              	HAL_GetREVID:
 516              	.LFB134:
ARM GAS  /var/folders/0z/_3zh0q697778kwks4bv8s9bh0000gn/T//ccQKRooE.s 			page 16


 363:Drivers/STM32F3xx_HAL_Driver/Src/stm32f3xx_hal.c **** 
 364:Drivers/STM32F3xx_HAL_Driver/Src/stm32f3xx_hal.c **** /**
 365:Drivers/STM32F3xx_HAL_Driver/Src/stm32f3xx_hal.c ****   * @brief  Returns the device revision identifier.
 366:Drivers/STM32F3xx_HAL_Driver/Src/stm32f3xx_hal.c ****   * @retval Device revision identifier
 367:Drivers/STM32F3xx_HAL_Driver/Src/stm32f3xx_hal.c ****   */
 368:Drivers/STM32F3xx_HAL_Driver/Src/stm32f3xx_hal.c **** uint32_t HAL_GetREVID(void)
 369:Drivers/STM32F3xx_HAL_Driver/Src/stm32f3xx_hal.c **** {
 517              		.loc 1 369 0
 518              		.cfi_startproc
 519              		@ args = 0, pretend = 0, frame = 0
 520              		@ frame_needed = 1, uses_anonymous_args = 0
 521              		@ link register save eliminated.
 522 0000 80B4     		push	{r7}
 523              	.LCFI42:
 524              		.cfi_def_cfa_offset 4
 525              		.cfi_offset 7, -4
 526 0002 00AF     		add	r7, sp, #0
 527              	.LCFI43:
 528              		.cfi_def_cfa_register 7
 370:Drivers/STM32F3xx_HAL_Driver/Src/stm32f3xx_hal.c ****   return((DBGMCU->IDCODE) >> 16);
 529              		.loc 1 370 0
 530 0004 034B     		ldr	r3, .L36
 531 0006 1B68     		ldr	r3, [r3]
 532 0008 1B0C     		lsrs	r3, r3, #16
 371:Drivers/STM32F3xx_HAL_Driver/Src/stm32f3xx_hal.c **** }
 533              		.loc 1 371 0
 534 000a 1846     		mov	r0, r3
 535 000c BD46     		mov	sp, r7
 536              	.LCFI44:
 537              		.cfi_def_cfa_register 13
 538              		@ sp needed
 539 000e 5DF8047B 		ldr	r7, [sp], #4
 540              	.LCFI45:
 541              		.cfi_restore 7
 542              		.cfi_def_cfa_offset 0
 543 0012 7047     		bx	lr
 544              	.L37:
 545              		.align	2
 546              	.L36:
 547 0014 002004E0 		.word	-536600576
 548              		.cfi_endproc
 549              	.LFE134:
 551              		.section	.text.HAL_GetDEVID,"ax",%progbits
 552              		.align	2
 553              		.global	HAL_GetDEVID
 554              		.thumb
 555              		.thumb_func
 557              	HAL_GetDEVID:
 558              	.LFB135:
 372:Drivers/STM32F3xx_HAL_Driver/Src/stm32f3xx_hal.c **** 
 373:Drivers/STM32F3xx_HAL_Driver/Src/stm32f3xx_hal.c **** /**
 374:Drivers/STM32F3xx_HAL_Driver/Src/stm32f3xx_hal.c ****   * @brief  Returns the device identifier.
 375:Drivers/STM32F3xx_HAL_Driver/Src/stm32f3xx_hal.c ****   * @retval Device identifier
 376:Drivers/STM32F3xx_HAL_Driver/Src/stm32f3xx_hal.c ****   */
 377:Drivers/STM32F3xx_HAL_Driver/Src/stm32f3xx_hal.c **** uint32_t HAL_GetDEVID(void)
 378:Drivers/STM32F3xx_HAL_Driver/Src/stm32f3xx_hal.c **** {
 559              		.loc 1 378 0
ARM GAS  /var/folders/0z/_3zh0q697778kwks4bv8s9bh0000gn/T//ccQKRooE.s 			page 17


 560              		.cfi_startproc
 561              		@ args = 0, pretend = 0, frame = 0
 562              		@ frame_needed = 1, uses_anonymous_args = 0
 563              		@ link register save eliminated.
 564 0000 80B4     		push	{r7}
 565              	.LCFI46:
 566              		.cfi_def_cfa_offset 4
 567              		.cfi_offset 7, -4
 568 0002 00AF     		add	r7, sp, #0
 569              	.LCFI47:
 570              		.cfi_def_cfa_register 7
 379:Drivers/STM32F3xx_HAL_Driver/Src/stm32f3xx_hal.c ****   return((DBGMCU->IDCODE) & IDCODE_DEVID_MASK);
 571              		.loc 1 379 0
 572 0004 044B     		ldr	r3, .L40
 573 0006 1B68     		ldr	r3, [r3]
 574 0008 C3F30B03 		ubfx	r3, r3, #0, #12
 380:Drivers/STM32F3xx_HAL_Driver/Src/stm32f3xx_hal.c **** }
 575              		.loc 1 380 0
 576 000c 1846     		mov	r0, r3
 577 000e BD46     		mov	sp, r7
 578              	.LCFI48:
 579              		.cfi_def_cfa_register 13
 580              		@ sp needed
 581 0010 5DF8047B 		ldr	r7, [sp], #4
 582              	.LCFI49:
 583              		.cfi_restore 7
 584              		.cfi_def_cfa_offset 0
 585 0014 7047     		bx	lr
 586              	.L41:
 587 0016 00BF     		.align	2
 588              	.L40:
 589 0018 002004E0 		.word	-536600576
 590              		.cfi_endproc
 591              	.LFE135:
 593              		.section	.text.HAL_DBGMCU_EnableDBGSleepMode,"ax",%progbits
 594              		.align	2
 595              		.global	HAL_DBGMCU_EnableDBGSleepMode
 596              		.thumb
 597              		.thumb_func
 599              	HAL_DBGMCU_EnableDBGSleepMode:
 600              	.LFB136:
 381:Drivers/STM32F3xx_HAL_Driver/Src/stm32f3xx_hal.c **** 
 382:Drivers/STM32F3xx_HAL_Driver/Src/stm32f3xx_hal.c **** /**
 383:Drivers/STM32F3xx_HAL_Driver/Src/stm32f3xx_hal.c ****   * @brief  Enable the Debug Module during SLEEP mode
 384:Drivers/STM32F3xx_HAL_Driver/Src/stm32f3xx_hal.c ****   * @retval None
 385:Drivers/STM32F3xx_HAL_Driver/Src/stm32f3xx_hal.c ****   */
 386:Drivers/STM32F3xx_HAL_Driver/Src/stm32f3xx_hal.c **** void HAL_DBGMCU_EnableDBGSleepMode(void)
 387:Drivers/STM32F3xx_HAL_Driver/Src/stm32f3xx_hal.c **** {
 601              		.loc 1 387 0
 602              		.cfi_startproc
 603              		@ args = 0, pretend = 0, frame = 0
 604              		@ frame_needed = 1, uses_anonymous_args = 0
 605              		@ link register save eliminated.
 606 0000 80B4     		push	{r7}
 607              	.LCFI50:
 608              		.cfi_def_cfa_offset 4
 609              		.cfi_offset 7, -4
ARM GAS  /var/folders/0z/_3zh0q697778kwks4bv8s9bh0000gn/T//ccQKRooE.s 			page 18


 610 0002 00AF     		add	r7, sp, #0
 611              	.LCFI51:
 612              		.cfi_def_cfa_register 7
 388:Drivers/STM32F3xx_HAL_Driver/Src/stm32f3xx_hal.c ****   SET_BIT(DBGMCU->CR, DBGMCU_CR_DBG_SLEEP);
 613              		.loc 1 388 0
 614 0004 044A     		ldr	r2, .L43
 615 0006 044B     		ldr	r3, .L43
 616 0008 5B68     		ldr	r3, [r3, #4]
 617 000a 43F00103 		orr	r3, r3, #1
 618 000e 5360     		str	r3, [r2, #4]
 389:Drivers/STM32F3xx_HAL_Driver/Src/stm32f3xx_hal.c **** }
 619              		.loc 1 389 0
 620 0010 BD46     		mov	sp, r7
 621              	.LCFI52:
 622              		.cfi_def_cfa_register 13
 623              		@ sp needed
 624 0012 5DF8047B 		ldr	r7, [sp], #4
 625              	.LCFI53:
 626              		.cfi_restore 7
 627              		.cfi_def_cfa_offset 0
 628 0016 7047     		bx	lr
 629              	.L44:
 630              		.align	2
 631              	.L43:
 632 0018 002004E0 		.word	-536600576
 633              		.cfi_endproc
 634              	.LFE136:
 636              		.section	.text.HAL_DBGMCU_DisableDBGSleepMode,"ax",%progbits
 637              		.align	2
 638              		.global	HAL_DBGMCU_DisableDBGSleepMode
 639              		.thumb
 640              		.thumb_func
 642              	HAL_DBGMCU_DisableDBGSleepMode:
 643              	.LFB137:
 390:Drivers/STM32F3xx_HAL_Driver/Src/stm32f3xx_hal.c **** 
 391:Drivers/STM32F3xx_HAL_Driver/Src/stm32f3xx_hal.c **** /**
 392:Drivers/STM32F3xx_HAL_Driver/Src/stm32f3xx_hal.c ****   * @brief  Disable the Debug Module during SLEEP mode
 393:Drivers/STM32F3xx_HAL_Driver/Src/stm32f3xx_hal.c ****   * @retval None
 394:Drivers/STM32F3xx_HAL_Driver/Src/stm32f3xx_hal.c ****   */
 395:Drivers/STM32F3xx_HAL_Driver/Src/stm32f3xx_hal.c **** void HAL_DBGMCU_DisableDBGSleepMode(void)
 396:Drivers/STM32F3xx_HAL_Driver/Src/stm32f3xx_hal.c **** {
 644              		.loc 1 396 0
 645              		.cfi_startproc
 646              		@ args = 0, pretend = 0, frame = 0
 647              		@ frame_needed = 1, uses_anonymous_args = 0
 648              		@ link register save eliminated.
 649 0000 80B4     		push	{r7}
 650              	.LCFI54:
 651              		.cfi_def_cfa_offset 4
 652              		.cfi_offset 7, -4
 653 0002 00AF     		add	r7, sp, #0
 654              	.LCFI55:
 655              		.cfi_def_cfa_register 7
 397:Drivers/STM32F3xx_HAL_Driver/Src/stm32f3xx_hal.c ****   CLEAR_BIT(DBGMCU->CR, DBGMCU_CR_DBG_SLEEP);
 656              		.loc 1 397 0
 657 0004 044A     		ldr	r2, .L46
 658 0006 044B     		ldr	r3, .L46
ARM GAS  /var/folders/0z/_3zh0q697778kwks4bv8s9bh0000gn/T//ccQKRooE.s 			page 19


 659 0008 5B68     		ldr	r3, [r3, #4]
 660 000a 23F00103 		bic	r3, r3, #1
 661 000e 5360     		str	r3, [r2, #4]
 398:Drivers/STM32F3xx_HAL_Driver/Src/stm32f3xx_hal.c **** }
 662              		.loc 1 398 0
 663 0010 BD46     		mov	sp, r7
 664              	.LCFI56:
 665              		.cfi_def_cfa_register 13
 666              		@ sp needed
 667 0012 5DF8047B 		ldr	r7, [sp], #4
 668              	.LCFI57:
 669              		.cfi_restore 7
 670              		.cfi_def_cfa_offset 0
 671 0016 7047     		bx	lr
 672              	.L47:
 673              		.align	2
 674              	.L46:
 675 0018 002004E0 		.word	-536600576
 676              		.cfi_endproc
 677              	.LFE137:
 679              		.section	.text.HAL_DBGMCU_EnableDBGStopMode,"ax",%progbits
 680              		.align	2
 681              		.global	HAL_DBGMCU_EnableDBGStopMode
 682              		.thumb
 683              		.thumb_func
 685              	HAL_DBGMCU_EnableDBGStopMode:
 686              	.LFB138:
 399:Drivers/STM32F3xx_HAL_Driver/Src/stm32f3xx_hal.c **** 
 400:Drivers/STM32F3xx_HAL_Driver/Src/stm32f3xx_hal.c **** /**
 401:Drivers/STM32F3xx_HAL_Driver/Src/stm32f3xx_hal.c ****   * @brief  Enable the Debug Module during STOP mode
 402:Drivers/STM32F3xx_HAL_Driver/Src/stm32f3xx_hal.c ****   * @retval None
 403:Drivers/STM32F3xx_HAL_Driver/Src/stm32f3xx_hal.c ****   */
 404:Drivers/STM32F3xx_HAL_Driver/Src/stm32f3xx_hal.c **** void HAL_DBGMCU_EnableDBGStopMode(void)
 405:Drivers/STM32F3xx_HAL_Driver/Src/stm32f3xx_hal.c **** {
 687              		.loc 1 405 0
 688              		.cfi_startproc
 689              		@ args = 0, pretend = 0, frame = 0
 690              		@ frame_needed = 1, uses_anonymous_args = 0
 691              		@ link register save eliminated.
 692 0000 80B4     		push	{r7}
 693              	.LCFI58:
 694              		.cfi_def_cfa_offset 4
 695              		.cfi_offset 7, -4
 696 0002 00AF     		add	r7, sp, #0
 697              	.LCFI59:
 698              		.cfi_def_cfa_register 7
 406:Drivers/STM32F3xx_HAL_Driver/Src/stm32f3xx_hal.c ****   SET_BIT(DBGMCU->CR, DBGMCU_CR_DBG_STOP);
 699              		.loc 1 406 0
 700 0004 044A     		ldr	r2, .L49
 701 0006 044B     		ldr	r3, .L49
 702 0008 5B68     		ldr	r3, [r3, #4]
 703 000a 43F00203 		orr	r3, r3, #2
 704 000e 5360     		str	r3, [r2, #4]
 407:Drivers/STM32F3xx_HAL_Driver/Src/stm32f3xx_hal.c **** }
 705              		.loc 1 407 0
 706 0010 BD46     		mov	sp, r7
 707              	.LCFI60:
ARM GAS  /var/folders/0z/_3zh0q697778kwks4bv8s9bh0000gn/T//ccQKRooE.s 			page 20


 708              		.cfi_def_cfa_register 13
 709              		@ sp needed
 710 0012 5DF8047B 		ldr	r7, [sp], #4
 711              	.LCFI61:
 712              		.cfi_restore 7
 713              		.cfi_def_cfa_offset 0
 714 0016 7047     		bx	lr
 715              	.L50:
 716              		.align	2
 717              	.L49:
 718 0018 002004E0 		.word	-536600576
 719              		.cfi_endproc
 720              	.LFE138:
 722              		.section	.text.HAL_DBGMCU_DisableDBGStopMode,"ax",%progbits
 723              		.align	2
 724              		.global	HAL_DBGMCU_DisableDBGStopMode
 725              		.thumb
 726              		.thumb_func
 728              	HAL_DBGMCU_DisableDBGStopMode:
 729              	.LFB139:
 408:Drivers/STM32F3xx_HAL_Driver/Src/stm32f3xx_hal.c **** 
 409:Drivers/STM32F3xx_HAL_Driver/Src/stm32f3xx_hal.c **** /**
 410:Drivers/STM32F3xx_HAL_Driver/Src/stm32f3xx_hal.c ****   * @brief  Disable the Debug Module during STOP mode
 411:Drivers/STM32F3xx_HAL_Driver/Src/stm32f3xx_hal.c ****   * @retval None
 412:Drivers/STM32F3xx_HAL_Driver/Src/stm32f3xx_hal.c ****   */
 413:Drivers/STM32F3xx_HAL_Driver/Src/stm32f3xx_hal.c **** void HAL_DBGMCU_DisableDBGStopMode(void)
 414:Drivers/STM32F3xx_HAL_Driver/Src/stm32f3xx_hal.c **** {
 730              		.loc 1 414 0
 731              		.cfi_startproc
 732              		@ args = 0, pretend = 0, frame = 0
 733              		@ frame_needed = 1, uses_anonymous_args = 0
 734              		@ link register save eliminated.
 735 0000 80B4     		push	{r7}
 736              	.LCFI62:
 737              		.cfi_def_cfa_offset 4
 738              		.cfi_offset 7, -4
 739 0002 00AF     		add	r7, sp, #0
 740              	.LCFI63:
 741              		.cfi_def_cfa_register 7
 415:Drivers/STM32F3xx_HAL_Driver/Src/stm32f3xx_hal.c ****   CLEAR_BIT(DBGMCU->CR, DBGMCU_CR_DBG_STOP);
 742              		.loc 1 415 0
 743 0004 044A     		ldr	r2, .L52
 744 0006 044B     		ldr	r3, .L52
 745 0008 5B68     		ldr	r3, [r3, #4]
 746 000a 23F00203 		bic	r3, r3, #2
 747 000e 5360     		str	r3, [r2, #4]
 416:Drivers/STM32F3xx_HAL_Driver/Src/stm32f3xx_hal.c **** }
 748              		.loc 1 416 0
 749 0010 BD46     		mov	sp, r7
 750              	.LCFI64:
 751              		.cfi_def_cfa_register 13
 752              		@ sp needed
 753 0012 5DF8047B 		ldr	r7, [sp], #4
 754              	.LCFI65:
 755              		.cfi_restore 7
 756              		.cfi_def_cfa_offset 0
 757 0016 7047     		bx	lr
ARM GAS  /var/folders/0z/_3zh0q697778kwks4bv8s9bh0000gn/T//ccQKRooE.s 			page 21


 758              	.L53:
 759              		.align	2
 760              	.L52:
 761 0018 002004E0 		.word	-536600576
 762              		.cfi_endproc
 763              	.LFE139:
 765              		.section	.text.HAL_DBGMCU_EnableDBGStandbyMode,"ax",%progbits
 766              		.align	2
 767              		.global	HAL_DBGMCU_EnableDBGStandbyMode
 768              		.thumb
 769              		.thumb_func
 771              	HAL_DBGMCU_EnableDBGStandbyMode:
 772              	.LFB140:
 417:Drivers/STM32F3xx_HAL_Driver/Src/stm32f3xx_hal.c **** 
 418:Drivers/STM32F3xx_HAL_Driver/Src/stm32f3xx_hal.c **** /**
 419:Drivers/STM32F3xx_HAL_Driver/Src/stm32f3xx_hal.c ****   * @brief  Enable the Debug Module during STANDBY mode
 420:Drivers/STM32F3xx_HAL_Driver/Src/stm32f3xx_hal.c ****   * @retval None
 421:Drivers/STM32F3xx_HAL_Driver/Src/stm32f3xx_hal.c ****   */
 422:Drivers/STM32F3xx_HAL_Driver/Src/stm32f3xx_hal.c **** void HAL_DBGMCU_EnableDBGStandbyMode(void)
 423:Drivers/STM32F3xx_HAL_Driver/Src/stm32f3xx_hal.c **** {
 773              		.loc 1 423 0
 774              		.cfi_startproc
 775              		@ args = 0, pretend = 0, frame = 0
 776              		@ frame_needed = 1, uses_anonymous_args = 0
 777              		@ link register save eliminated.
 778 0000 80B4     		push	{r7}
 779              	.LCFI66:
 780              		.cfi_def_cfa_offset 4
 781              		.cfi_offset 7, -4
 782 0002 00AF     		add	r7, sp, #0
 783              	.LCFI67:
 784              		.cfi_def_cfa_register 7
 424:Drivers/STM32F3xx_HAL_Driver/Src/stm32f3xx_hal.c ****   SET_BIT(DBGMCU->CR, DBGMCU_CR_DBG_STANDBY);
 785              		.loc 1 424 0
 786 0004 044A     		ldr	r2, .L55
 787 0006 044B     		ldr	r3, .L55
 788 0008 5B68     		ldr	r3, [r3, #4]
 789 000a 43F00403 		orr	r3, r3, #4
 790 000e 5360     		str	r3, [r2, #4]
 425:Drivers/STM32F3xx_HAL_Driver/Src/stm32f3xx_hal.c **** }
 791              		.loc 1 425 0
 792 0010 BD46     		mov	sp, r7
 793              	.LCFI68:
 794              		.cfi_def_cfa_register 13
 795              		@ sp needed
 796 0012 5DF8047B 		ldr	r7, [sp], #4
 797              	.LCFI69:
 798              		.cfi_restore 7
 799              		.cfi_def_cfa_offset 0
 800 0016 7047     		bx	lr
 801              	.L56:
 802              		.align	2
 803              	.L55:
 804 0018 002004E0 		.word	-536600576
 805              		.cfi_endproc
 806              	.LFE140:
 808              		.section	.text.HAL_DBGMCU_DisableDBGStandbyMode,"ax",%progbits
ARM GAS  /var/folders/0z/_3zh0q697778kwks4bv8s9bh0000gn/T//ccQKRooE.s 			page 22


 809              		.align	2
 810              		.global	HAL_DBGMCU_DisableDBGStandbyMode
 811              		.thumb
 812              		.thumb_func
 814              	HAL_DBGMCU_DisableDBGStandbyMode:
 815              	.LFB141:
 426:Drivers/STM32F3xx_HAL_Driver/Src/stm32f3xx_hal.c **** 
 427:Drivers/STM32F3xx_HAL_Driver/Src/stm32f3xx_hal.c **** /**
 428:Drivers/STM32F3xx_HAL_Driver/Src/stm32f3xx_hal.c ****   * @brief  Disable the Debug Module during STANDBY mode
 429:Drivers/STM32F3xx_HAL_Driver/Src/stm32f3xx_hal.c ****   * @retval None
 430:Drivers/STM32F3xx_HAL_Driver/Src/stm32f3xx_hal.c ****   */
 431:Drivers/STM32F3xx_HAL_Driver/Src/stm32f3xx_hal.c **** void HAL_DBGMCU_DisableDBGStandbyMode(void)
 432:Drivers/STM32F3xx_HAL_Driver/Src/stm32f3xx_hal.c **** {
 816              		.loc 1 432 0
 817              		.cfi_startproc
 818              		@ args = 0, pretend = 0, frame = 0
 819              		@ frame_needed = 1, uses_anonymous_args = 0
 820              		@ link register save eliminated.
 821 0000 80B4     		push	{r7}
 822              	.LCFI70:
 823              		.cfi_def_cfa_offset 4
 824              		.cfi_offset 7, -4
 825 0002 00AF     		add	r7, sp, #0
 826              	.LCFI71:
 827              		.cfi_def_cfa_register 7
 433:Drivers/STM32F3xx_HAL_Driver/Src/stm32f3xx_hal.c ****   CLEAR_BIT(DBGMCU->CR, DBGMCU_CR_DBG_STANDBY);
 828              		.loc 1 433 0
 829 0004 044A     		ldr	r2, .L58
 830 0006 044B     		ldr	r3, .L58
 831 0008 5B68     		ldr	r3, [r3, #4]
 832 000a 23F00403 		bic	r3, r3, #4
 833 000e 5360     		str	r3, [r2, #4]
 434:Drivers/STM32F3xx_HAL_Driver/Src/stm32f3xx_hal.c **** }
 834              		.loc 1 434 0
 835 0010 BD46     		mov	sp, r7
 836              	.LCFI72:
 837              		.cfi_def_cfa_register 13
 838              		@ sp needed
 839 0012 5DF8047B 		ldr	r7, [sp], #4
 840              	.LCFI73:
 841              		.cfi_restore 7
 842              		.cfi_def_cfa_offset 0
 843 0016 7047     		bx	lr
 844              	.L59:
 845              		.align	2
 846              	.L58:
 847 0018 002004E0 		.word	-536600576
 848              		.cfi_endproc
 849              	.LFE141:
 851              		.text
 852              	.Letext0:
 853              		.file 2 "/usr/local/Cellar/arm-none-eabi-gcc/20150921/arm-none-eabi/include/machine/_default_types
 854              		.file 3 "/usr/local/Cellar/arm-none-eabi-gcc/20150921/arm-none-eabi/include/sys/_stdint.h"
 855              		.file 4 "Drivers/CMSIS/Include/core_cm4.h"
 856              		.file 5 "Drivers/CMSIS/Device/ST/STM32F3xx/Include/stm32f303x8.h"
 857              		.file 6 "Drivers/STM32F3xx_HAL_Driver/Inc/stm32f3xx_hal_def.h"
 858              		.file 7 "Drivers/CMSIS/Device/ST/STM32F3xx/Include/system_stm32f3xx.h"
ARM GAS  /var/folders/0z/_3zh0q697778kwks4bv8s9bh0000gn/T//ccQKRooE.s 			page 23


ARM GAS  /var/folders/0z/_3zh0q697778kwks4bv8s9bh0000gn/T//ccQKRooE.s 			page 24


DEFINED SYMBOLS
                            *ABS*:0000000000000000 stm32f3xx_hal.c
                            *COM*:0000000000000004 uwTick
/var/folders/0z/_3zh0q697778kwks4bv8s9bh0000gn/T//ccQKRooE.s:22     .text.HAL_Init:0000000000000000 $t
/var/folders/0z/_3zh0q697778kwks4bv8s9bh0000gn/T//ccQKRooE.s:27     .text.HAL_Init:0000000000000000 HAL_Init
/var/folders/0z/_3zh0q697778kwks4bv8s9bh0000gn/T//ccQKRooE.s:198    .text.HAL_InitTick:0000000000000000 HAL_InitTick
/var/folders/0z/_3zh0q697778kwks4bv8s9bh0000gn/T//ccQKRooE.s:132    .text.HAL_MspInit:0000000000000000 HAL_MspInit
/var/folders/0z/_3zh0q697778kwks4bv8s9bh0000gn/T//ccQKRooE.s:64     .text.HAL_Init:0000000000000028 $d
/var/folders/0z/_3zh0q697778kwks4bv8s9bh0000gn/T//ccQKRooE.s:69     .text.HAL_DeInit:0000000000000000 $t
/var/folders/0z/_3zh0q697778kwks4bv8s9bh0000gn/T//ccQKRooE.s:74     .text.HAL_DeInit:0000000000000000 HAL_DeInit
/var/folders/0z/_3zh0q697778kwks4bv8s9bh0000gn/T//ccQKRooE.s:165    .text.HAL_MspDeInit:0000000000000000 HAL_MspDeInit
/var/folders/0z/_3zh0q697778kwks4bv8s9bh0000gn/T//ccQKRooE.s:122    .text.HAL_DeInit:0000000000000038 $d
/var/folders/0z/_3zh0q697778kwks4bv8s9bh0000gn/T//ccQKRooE.s:127    .text.HAL_MspInit:0000000000000000 $t
/var/folders/0z/_3zh0q697778kwks4bv8s9bh0000gn/T//ccQKRooE.s:160    .text.HAL_MspDeInit:0000000000000000 $t
/var/folders/0z/_3zh0q697778kwks4bv8s9bh0000gn/T//ccQKRooE.s:193    .text.HAL_InitTick:0000000000000000 $t
/var/folders/0z/_3zh0q697778kwks4bv8s9bh0000gn/T//ccQKRooE.s:244    .text.HAL_InitTick:0000000000000030 $d
/var/folders/0z/_3zh0q697778kwks4bv8s9bh0000gn/T//ccQKRooE.s:250    .text.HAL_IncTick:0000000000000000 $t
/var/folders/0z/_3zh0q697778kwks4bv8s9bh0000gn/T//ccQKRooE.s:255    .text.HAL_IncTick:0000000000000000 HAL_IncTick
/var/folders/0z/_3zh0q697778kwks4bv8s9bh0000gn/T//ccQKRooE.s:288    .text.HAL_IncTick:0000000000000018 $d
/var/folders/0z/_3zh0q697778kwks4bv8s9bh0000gn/T//ccQKRooE.s:293    .text.HAL_GetTick:0000000000000000 $t
/var/folders/0z/_3zh0q697778kwks4bv8s9bh0000gn/T//ccQKRooE.s:298    .text.HAL_GetTick:0000000000000000 HAL_GetTick
/var/folders/0z/_3zh0q697778kwks4bv8s9bh0000gn/T//ccQKRooE.s:329    .text.HAL_GetTick:0000000000000014 $d
/var/folders/0z/_3zh0q697778kwks4bv8s9bh0000gn/T//ccQKRooE.s:334    .text.HAL_Delay:0000000000000000 $t
/var/folders/0z/_3zh0q697778kwks4bv8s9bh0000gn/T//ccQKRooE.s:339    .text.HAL_Delay:0000000000000000 HAL_Delay
/var/folders/0z/_3zh0q697778kwks4bv8s9bh0000gn/T//ccQKRooE.s:384    .text.HAL_SuspendTick:0000000000000000 $t
/var/folders/0z/_3zh0q697778kwks4bv8s9bh0000gn/T//ccQKRooE.s:389    .text.HAL_SuspendTick:0000000000000000 HAL_SuspendTick
/var/folders/0z/_3zh0q697778kwks4bv8s9bh0000gn/T//ccQKRooE.s:422    .text.HAL_SuspendTick:0000000000000018 $d
/var/folders/0z/_3zh0q697778kwks4bv8s9bh0000gn/T//ccQKRooE.s:427    .text.HAL_ResumeTick:0000000000000000 $t
/var/folders/0z/_3zh0q697778kwks4bv8s9bh0000gn/T//ccQKRooE.s:432    .text.HAL_ResumeTick:0000000000000000 HAL_ResumeTick
/var/folders/0z/_3zh0q697778kwks4bv8s9bh0000gn/T//ccQKRooE.s:465    .text.HAL_ResumeTick:0000000000000018 $d
/var/folders/0z/_3zh0q697778kwks4bv8s9bh0000gn/T//ccQKRooE.s:470    .text.HAL_GetHalVersion:0000000000000000 $t
/var/folders/0z/_3zh0q697778kwks4bv8s9bh0000gn/T//ccQKRooE.s:475    .text.HAL_GetHalVersion:0000000000000000 HAL_GetHalVersion
/var/folders/0z/_3zh0q697778kwks4bv8s9bh0000gn/T//ccQKRooE.s:505    .text.HAL_GetHalVersion:0000000000000010 $d
/var/folders/0z/_3zh0q697778kwks4bv8s9bh0000gn/T//ccQKRooE.s:510    .text.HAL_GetREVID:0000000000000000 $t
/var/folders/0z/_3zh0q697778kwks4bv8s9bh0000gn/T//ccQKRooE.s:515    .text.HAL_GetREVID:0000000000000000 HAL_GetREVID
/var/folders/0z/_3zh0q697778kwks4bv8s9bh0000gn/T//ccQKRooE.s:547    .text.HAL_GetREVID:0000000000000014 $d
/var/folders/0z/_3zh0q697778kwks4bv8s9bh0000gn/T//ccQKRooE.s:552    .text.HAL_GetDEVID:0000000000000000 $t
/var/folders/0z/_3zh0q697778kwks4bv8s9bh0000gn/T//ccQKRooE.s:557    .text.HAL_GetDEVID:0000000000000000 HAL_GetDEVID
/var/folders/0z/_3zh0q697778kwks4bv8s9bh0000gn/T//ccQKRooE.s:589    .text.HAL_GetDEVID:0000000000000018 $d
/var/folders/0z/_3zh0q697778kwks4bv8s9bh0000gn/T//ccQKRooE.s:594    .text.HAL_DBGMCU_EnableDBGSleepMode:0000000000000000 $t
/var/folders/0z/_3zh0q697778kwks4bv8s9bh0000gn/T//ccQKRooE.s:599    .text.HAL_DBGMCU_EnableDBGSleepMode:0000000000000000 HAL_DBGMCU_EnableDBGSleepMode
/var/folders/0z/_3zh0q697778kwks4bv8s9bh0000gn/T//ccQKRooE.s:632    .text.HAL_DBGMCU_EnableDBGSleepMode:0000000000000018 $d
/var/folders/0z/_3zh0q697778kwks4bv8s9bh0000gn/T//ccQKRooE.s:637    .text.HAL_DBGMCU_DisableDBGSleepMode:0000000000000000 $t
/var/folders/0z/_3zh0q697778kwks4bv8s9bh0000gn/T//ccQKRooE.s:642    .text.HAL_DBGMCU_DisableDBGSleepMode:0000000000000000 HAL_DBGMCU_DisableDBGSleepMode
/var/folders/0z/_3zh0q697778kwks4bv8s9bh0000gn/T//ccQKRooE.s:675    .text.HAL_DBGMCU_DisableDBGSleepMode:0000000000000018 $d
/var/folders/0z/_3zh0q697778kwks4bv8s9bh0000gn/T//ccQKRooE.s:680    .text.HAL_DBGMCU_EnableDBGStopMode:0000000000000000 $t
/var/folders/0z/_3zh0q697778kwks4bv8s9bh0000gn/T//ccQKRooE.s:685    .text.HAL_DBGMCU_EnableDBGStopMode:0000000000000000 HAL_DBGMCU_EnableDBGStopMode
/var/folders/0z/_3zh0q697778kwks4bv8s9bh0000gn/T//ccQKRooE.s:718    .text.HAL_DBGMCU_EnableDBGStopMode:0000000000000018 $d
/var/folders/0z/_3zh0q697778kwks4bv8s9bh0000gn/T//ccQKRooE.s:723    .text.HAL_DBGMCU_DisableDBGStopMode:0000000000000000 $t
/var/folders/0z/_3zh0q697778kwks4bv8s9bh0000gn/T//ccQKRooE.s:728    .text.HAL_DBGMCU_DisableDBGStopMode:0000000000000000 HAL_DBGMCU_DisableDBGStopMode
/var/folders/0z/_3zh0q697778kwks4bv8s9bh0000gn/T//ccQKRooE.s:761    .text.HAL_DBGMCU_DisableDBGStopMode:0000000000000018 $d
/var/folders/0z/_3zh0q697778kwks4bv8s9bh0000gn/T//ccQKRooE.s:766    .text.HAL_DBGMCU_EnableDBGStandbyMode:0000000000000000 $t
/var/folders/0z/_3zh0q697778kwks4bv8s9bh0000gn/T//ccQKRooE.s:771    .text.HAL_DBGMCU_EnableDBGStandbyMode:0000000000000000 HAL_DBGMCU_EnableDBGStandbyMode
/var/folders/0z/_3zh0q697778kwks4bv8s9bh0000gn/T//ccQKRooE.s:804    .text.HAL_DBGMCU_EnableDBGStandbyMode:0000000000000018 $d
/var/folders/0z/_3zh0q697778kwks4bv8s9bh0000gn/T//ccQKRooE.s:809    .text.HAL_DBGMCU_DisableDBGStandbyMode:0000000000000000 $t
/var/folders/0z/_3zh0q697778kwks4bv8s9bh0000gn/T//ccQKRooE.s:814    .text.HAL_DBGMCU_DisableDBGStandbyMode:0000000000000000 HAL_DBGMCU_DisableDBGStandbyMode
/var/folders/0z/_3zh0q697778kwks4bv8s9bh0000gn/T//ccQKRooE.s:847    .text.HAL_DBGMCU_DisableDBGStandbyMode:0000000000000018 $d
ARM GAS  /var/folders/0z/_3zh0q697778kwks4bv8s9bh0000gn/T//ccQKRooE.s 			page 25


                     .debug_frame:0000000000000010 $d

UNDEFINED SYMBOLS
HAL_NVIC_SetPriorityGrouping
HAL_SYSTICK_Config
HAL_NVIC_SetPriority
SystemCoreClock
